handler.py:34 WARNING:Data structure is not compatible with MLChem
handler.py:56 INFO:Preparing images...
handler.py:87 INFO:Images hashed and processed...
gaussian.py:107 INFO: 
gaussian.py:108 INFO:Fingerprinting
gaussian.py:109 INFO:==============
gaussian.py:116 INFO:Getting unique element symbols for training
gaussian.py:123 INFO:Unique chemical elements: ['Cu']
gaussian.py:513 WARNING:Making default symmetry functions
gaussian.py:581 INFO:Number of features per chemical element:
gaussian.py:583 INFO:    - Cu: 8.
gaussian.py:585 INFO: 
gaussian.py:586 INFO:Symmetry function parameters:
gaussian.py:587 INFO:-----------------------------
gaussian.py:589 INFO:  #      Symbol    Type Parameters
gaussian.py:610 INFO:  0   Cu            G2  eta: 0.0500
gaussian.py:610 INFO:  1   Cu            G2  eta: 0.2321
gaussian.py:610 INFO:  2   Cu            G2  eta: 1.0772
gaussian.py:610 INFO:  3   Cu            G2  eta: 5.0000
gaussian.py:610 INFO:  4   Cu, Cu        G3  eta: 0.0050 gamma:  1.0000 zeta: 1.0000
gaussian.py:610 INFO:  5   Cu, Cu        G3  eta: 0.0050 gamma: -1.0000 zeta: 1.0000
gaussian.py:610 INFO:  6   Cu, Cu        G3  eta: 0.0050 gamma:  1.0000 zeta: 4.0000
gaussian.py:610 INFO:  7   Cu, Cu        G3  eta: 0.0050 gamma: -1.0000 zeta: 4.0000
gaussian.py:136 INFO:
gaussian.py:137 INFO:Adding atomic fingerprint calculations to scheduler...
gaussian.py:164 INFO:... finished in 0 hours 0 minutes 2.24 seconds.
gaussian.py:260 INFO:Fingerprinting finished in 0 hours 0 minutes 12.16 seconds.
autoencoders.py:85 INFO:Model Training
autoencoders.py:86 INFO:==============
autoencoders.py:87 INFO:Model name: AutoEncoder.
autoencoders.py:90 INFO:Structure of Autoencoder: (input, 'encoder': (20, 10, 4), 'decoder': (4, 10, 20), output)
autoencoders.py:146 INFO:ModuleDict(
  (Cu): Sequential(
    (0): Linear(in_features=8, out_features=20, bias=True)
    (1): Tanh()
    (2): Linear(in_features=20, out_features=10, bias=True)
    (3): Tanh()
    (4): Linear(in_features=10, out_features=4, bias=True)
    (5): Tanh()
  )
)
autoencoders.py:147 INFO:ModuleDict(
  (Cu): Sequential(
    (0): Linear(in_features=4, out_features=10, bias=True)
    (1): Tanh()
    (2): Linear(in_features=10, out_features=20, bias=True)
    (3): Tanh()
    (4): Linear(in_features=20, out_features=8, bias=True)
  )
)
autoencoders.py:152 WARNING:Initialization of weights with Xavier Uniform by default.
autoencoders.py:307 INFO:Batch size: 10 elements per batch.
handler.py:94 INFO:Optimizer
handler.py:95 INFO:---------
handler.py:96 INFO:Name: LBFGS.
handler.py:97 INFO:Options:
handler.py:99 INFO:    - lr: 1.0.
handler.py:101 INFO: 
autoencoders.py:336 INFO: 
autoencoders.py:337 INFO:Starting training...
autoencoders.py:338 INFO: 
autoencoders.py:343 INFO:Epoch  Time Stamp          Loss         Rec Err  
autoencoders.py:348 INFO:------ ------------------- ------------ -------- 
autoencoders.py:401 INFO:     1 2019-04-20 20:10:07 2.673124e-01 0.556574
autoencoders.py:401 INFO:     2 2019-04-20 20:10:07 1.548874e-01 0.556574
autoencoders.py:401 INFO:     3 2019-04-20 20:10:07 1.548874e-01 0.556574
autoencoders.py:401 INFO:     4 2019-04-20 20:10:07 1.548874e-01 0.556574
autoencoders.py:401 INFO:     5 2019-04-20 20:10:08 1.548874e-01 0.556574
autoencoders.py:401 INFO:     6 2019-04-20 20:10:08 1.548874e-01 0.556574
autoencoders.py:401 INFO:     7 2019-04-20 20:10:08 1.548874e-01 0.556574
autoencoders.py:401 INFO:     8 2019-04-20 20:10:08 1.548874e-01 0.556574
autoencoders.py:401 INFO:     9 2019-04-20 20:10:09 1.548874e-01 0.556574
autoencoders.py:401 INFO:    10 2019-04-20 20:10:09 1.548874e-01 0.556574
autoencoders.py:401 INFO:    11 2019-04-20 20:10:09 1.548874e-01 0.556574
autoencoders.py:401 INFO:    12 2019-04-20 20:10:09 1.548874e-01 0.556574
autoencoders.py:401 INFO:    13 2019-04-20 20:10:10 1.548874e-01 0.556574
autoencoders.py:401 INFO:    14 2019-04-20 20:10:10 1.548874e-01 0.556574
autoencoders.py:401 INFO:    15 2019-04-20 20:10:10 1.548874e-01 0.556574
autoencoders.py:401 INFO:    16 2019-04-20 20:10:10 1.548874e-01 0.556574
autoencoders.py:401 INFO:    17 2019-04-20 20:10:10 1.548874e-01 0.556574
autoencoders.py:401 INFO:    18 2019-04-20 20:10:11 1.548874e-01 0.556574
autoencoders.py:401 INFO:    19 2019-04-20 20:10:11 1.548874e-01 0.556574
autoencoders.py:401 INFO:    20 2019-04-20 20:10:11 1.548874e-01 0.552502
autoencoders.py:401 INFO:    21 2019-04-20 20:10:11 1.548874e-01 0.508172
autoencoders.py:401 INFO:    22 2019-04-20 20:10:11 1.291196e-01 0.508172
autoencoders.py:401 INFO:    23 2019-04-20 20:10:12 1.291196e-01 0.479131
autoencoders.py:401 INFO:    24 2019-04-20 20:10:12 1.291196e-01 0.508172
autoencoders.py:401 INFO:    25 2019-04-20 20:10:12 1.291196e-01 0.508172
autoencoders.py:401 INFO:    26 2019-04-20 20:10:13 1.291196e-01 0.507720
autoencoders.py:401 INFO:    27 2019-04-20 20:10:13 1.291196e-01 0.508172
autoencoders.py:401 INFO:    28 2019-04-20 20:10:13 1.291196e-01 0.508172
autoencoders.py:401 INFO:    29 2019-04-20 20:10:13 1.291196e-01 0.508172
autoencoders.py:401 INFO:    30 2019-04-20 20:10:13 1.291196e-01 0.508172
autoencoders.py:401 INFO:    31 2019-04-20 20:10:14 1.291196e-01 0.508172
autoencoders.py:401 INFO:    32 2019-04-20 20:10:14 1.291196e-01 0.508172
autoencoders.py:401 INFO:    33 2019-04-20 20:10:14 1.291196e-01 0.508172
autoencoders.py:401 INFO:    34 2019-04-20 20:10:15 1.291196e-01 0.508172
autoencoders.py:401 INFO:    35 2019-04-20 20:10:15 1.291196e-01 0.508172
autoencoders.py:401 INFO:    36 2019-04-20 20:10:15 1.291196e-01 0.508172
autoencoders.py:401 INFO:    37 2019-04-20 20:10:15 1.291196e-01 0.508172
autoencoders.py:401 INFO:    38 2019-04-20 20:10:16 1.291196e-01 0.479131
autoencoders.py:401 INFO:    39 2019-04-20 20:10:16 1.291196e-01 0.508172
autoencoders.py:401 INFO:    40 2019-04-20 20:10:16 1.291196e-01 0.508172
autoencoders.py:401 INFO:    41 2019-04-20 20:10:17 1.291196e-01 0.500930
autoencoders.py:401 INFO:    42 2019-04-20 20:10:17 1.291196e-01 0.508172
autoencoders.py:401 INFO:    43 2019-04-20 20:10:17 1.291196e-01 0.479131
autoencoders.py:401 INFO:    44 2019-04-20 20:10:17 1.291196e-01 0.508172
autoencoders.py:401 INFO:    45 2019-04-20 20:10:17 1.291196e-01 0.508172
autoencoders.py:401 INFO:    46 2019-04-20 20:10:18 1.291196e-01 0.508172
autoencoders.py:401 INFO:    47 2019-04-20 20:10:18 1.291196e-01 0.382118
autoencoders.py:401 INFO:    48 2019-04-20 20:10:18 7.300711e-02 0.311099
autoencoders.py:401 INFO:    49 2019-04-20 20:10:18 4.839137e-02 0.311099
autoencoders.py:401 INFO:    50 2019-04-20 20:10:18 4.839136e-02 0.311099
autoencoders.py:401 INFO:    51 2019-04-20 20:10:19 4.839136e-02 0.309851
autoencoders.py:401 INFO:    52 2019-04-20 20:10:19 4.839136e-02 0.311099
autoencoders.py:401 INFO:    53 2019-04-20 20:10:19 4.839135e-02 0.311099
autoencoders.py:401 INFO:    54 2019-04-20 20:10:20 4.839135e-02 0.311099
autoencoders.py:401 INFO:    55 2019-04-20 20:10:20 4.839135e-02 0.311099
autoencoders.py:401 INFO:    56 2019-04-20 20:10:20 4.839135e-02 0.311099
autoencoders.py:401 INFO:    57 2019-04-20 20:10:20 4.839135e-02 0.308605
autoencoders.py:401 INFO:    58 2019-04-20 20:10:21 4.839136e-02 0.311099
autoencoders.py:401 INFO:    59 2019-04-20 20:10:21 4.839136e-02 0.311099
autoencoders.py:401 INFO:    60 2019-04-20 20:10:21 4.839136e-02 0.311099
autoencoders.py:401 INFO:    61 2019-04-20 20:10:21 4.839136e-02 0.311099
autoencoders.py:401 INFO:    62 2019-04-20 20:10:22 4.839136e-02 0.311099
autoencoders.py:401 INFO:    63 2019-04-20 20:10:22 4.839136e-02 0.311099
autoencoders.py:401 INFO:    64 2019-04-20 20:10:22 4.839136e-02 0.311099
autoencoders.py:401 INFO:    65 2019-04-20 20:10:22 4.839135e-02 0.311099
autoencoders.py:401 INFO:    66 2019-04-20 20:10:22 4.839135e-02 0.311099
autoencoders.py:401 INFO:    67 2019-04-20 20:10:23 4.839135e-02 0.311099
autoencoders.py:401 INFO:    68 2019-04-20 20:10:23 4.839135e-02 0.311099
autoencoders.py:401 INFO:    69 2019-04-20 20:10:23 4.839135e-02 0.311099
autoencoders.py:401 INFO:    70 2019-04-20 20:10:23 4.839135e-02 0.311099
autoencoders.py:401 INFO:    71 2019-04-20 20:10:24 4.839135e-02 0.311099
autoencoders.py:401 INFO:    72 2019-04-20 20:10:24 4.839134e-02 0.311099
autoencoders.py:401 INFO:    73 2019-04-20 20:10:24 4.839133e-02 0.311099
autoencoders.py:401 INFO:    74 2019-04-20 20:10:24 4.839133e-02 0.310787
autoencoders.py:401 INFO:    75 2019-04-20 20:10:24 4.839133e-02 0.273020
autoencoders.py:401 INFO:    76 2019-04-20 20:10:24 3.726989e-02 0.273020
autoencoders.py:401 INFO:    77 2019-04-20 20:10:25 3.726989e-02 0.273020
autoencoders.py:401 INFO:    78 2019-04-20 20:10:25 3.726989e-02 0.273020
autoencoders.py:401 INFO:    79 2019-04-20 20:10:25 3.726989e-02 0.273020
autoencoders.py:401 INFO:    80 2019-04-20 20:10:26 3.726989e-02 0.273020
autoencoders.py:401 INFO:    81 2019-04-20 20:10:26 3.726989e-02 0.273020
autoencoders.py:401 INFO:    82 2019-04-20 20:10:26 3.726990e-02 0.235794
autoencoders.py:401 INFO:    83 2019-04-20 20:10:26 2.779949e-02 0.235794
autoencoders.py:401 INFO:    84 2019-04-20 20:10:27 2.779949e-02 0.235794
autoencoders.py:401 INFO:    85 2019-04-20 20:10:27 2.779949e-02 0.235794
autoencoders.py:401 INFO:    86 2019-04-20 20:10:27 2.779949e-02 0.235794
autoencoders.py:401 INFO:    87 2019-04-20 20:10:27 2.779950e-02 0.235794
autoencoders.py:401 INFO:    88 2019-04-20 20:10:28 2.779950e-02 0.235794
autoencoders.py:401 INFO:    89 2019-04-20 20:10:28 2.779950e-02 0.235794
autoencoders.py:401 INFO:    90 2019-04-20 20:10:28 2.779950e-02 0.235794
autoencoders.py:401 INFO:    91 2019-04-20 20:10:28 2.779950e-02 0.235794
autoencoders.py:401 INFO:    92 2019-04-20 20:10:29 2.779950e-02 0.235794
autoencoders.py:401 INFO:    93 2019-04-20 20:10:29 2.779950e-02 0.235794
autoencoders.py:401 INFO:    94 2019-04-20 20:10:29 2.779950e-02 0.235794
autoencoders.py:401 INFO:    95 2019-04-20 20:10:29 2.779951e-02 0.181652
autoencoders.py:401 INFO:    96 2019-04-20 20:10:29 1.649865e-02 0.181652
autoencoders.py:401 INFO:    97 2019-04-20 20:10:30 1.649865e-02 0.181652
autoencoders.py:401 INFO:    98 2019-04-20 20:10:30 1.649866e-02 0.181652
autoencoders.py:401 INFO:    99 2019-04-20 20:10:30 1.649866e-02 0.181652
autoencoders.py:401 INFO:   100 2019-04-20 20:10:30 1.649866e-02 0.181652
autoencoders.py:401 INFO:   101 2019-04-20 20:10:30 1.649866e-02 0.181652
autoencoders.py:401 INFO:   102 2019-04-20 20:10:31 1.649866e-02 0.178745
autoencoders.py:401 INFO:   103 2019-04-20 20:10:31 1.649866e-02 0.175972
autoencoders.py:401 INFO:   104 2019-04-20 20:10:31 1.548314e-02 0.170338
autoencoders.py:401 INFO:   105 2019-04-20 20:10:31 1.450756e-02 0.170196
autoencoders.py:401 INFO:   106 2019-04-20 20:10:32 1.450756e-02 0.170338
autoencoders.py:401 INFO:   107 2019-04-20 20:10:32 1.450756e-02 0.170338
autoencoders.py:401 INFO:   108 2019-04-20 20:10:32 1.450756e-02 0.170338
autoencoders.py:401 INFO:   109 2019-04-20 20:10:32 1.450756e-02 0.146690
autoencoders.py:401 INFO:   110 2019-04-20 20:10:33 1.075891e-02 0.146690
autoencoders.py:401 INFO:   111 2019-04-20 20:10:33 1.075891e-02 0.146690
autoencoders.py:401 INFO:   112 2019-04-20 20:10:33 1.075891e-02 0.146690
autoencoders.py:401 INFO:   113 2019-04-20 20:10:33 1.075891e-02 0.146690
autoencoders.py:401 INFO:   114 2019-04-20 20:10:34 1.075891e-02 0.146690
autoencoders.py:401 INFO:   115 2019-04-20 20:10:34 1.075891e-02 0.146690
autoencoders.py:401 INFO:   116 2019-04-20 20:10:34 1.075891e-02 0.146660
autoencoders.py:401 INFO:   117 2019-04-20 20:10:34 1.075891e-02 0.146690
autoencoders.py:401 INFO:   118 2019-04-20 20:10:35 1.075891e-02 0.146690
autoencoders.py:401 INFO:   119 2019-04-20 20:10:35 1.075891e-02 0.146690
autoencoders.py:401 INFO:   120 2019-04-20 20:10:35 1.075892e-02 0.146690
autoencoders.py:401 INFO:   121 2019-04-20 20:10:35 1.075892e-02 0.146690
autoencoders.py:401 INFO:   122 2019-04-20 20:10:36 1.075892e-02 0.146690
autoencoders.py:401 INFO:   123 2019-04-20 20:10:36 1.075892e-02 0.146690
autoencoders.py:401 INFO:   124 2019-04-20 20:10:36 1.075892e-02 0.143873
autoencoders.py:401 INFO:   125 2019-04-20 20:10:36 1.034978e-02 0.143851
autoencoders.py:401 INFO:   126 2019-04-20 20:10:37 1.034978e-02 0.143417
autoencoders.py:401 INFO:   127 2019-04-20 20:10:37 1.034978e-02 0.143873
autoencoders.py:401 INFO:   128 2019-04-20 20:10:37 1.034978e-02 0.143873
autoencoders.py:401 INFO:   129 2019-04-20 20:10:37 1.034978e-02 0.141114
autoencoders.py:401 INFO:   130 2019-04-20 20:10:37 9.956540e-03 0.139265
autoencoders.py:401 INFO:   131 2019-04-20 20:10:38 9.697303e-03 0.138631
autoencoders.py:401 INFO:   132 2019-04-20 20:10:38 9.697303e-03 0.139265
autoencoders.py:401 INFO:   133 2019-04-20 20:10:38 9.697303e-03 0.139265
autoencoders.py:401 INFO:   134 2019-04-20 20:10:38 9.697304e-03 0.139265
autoencoders.py:401 INFO:   135 2019-04-20 20:10:39 9.697306e-03 0.139265
autoencoders.py:401 INFO:   136 2019-04-20 20:10:39 9.697305e-03 0.139265
autoencoders.py:401 INFO:   137 2019-04-20 20:10:39 9.697306e-03 0.139104
autoencoders.py:401 INFO:   138 2019-04-20 20:10:40 9.697305e-03 0.136875
autoencoders.py:401 INFO:   139 2019-04-20 20:10:40 9.367363e-03 0.125812
autoencoders.py:401 INFO:   140 2019-04-20 20:10:40 7.914353e-03 0.125788
autoencoders.py:401 INFO:   141 2019-04-20 20:10:40 7.914354e-03 0.125812
autoencoders.py:401 INFO:   142 2019-04-20 20:10:40 7.914356e-03 0.125764
autoencoders.py:401 INFO:   143 2019-04-20 20:10:41 7.914355e-03 0.125764
autoencoders.py:401 INFO:   144 2019-04-20 20:10:41 7.914355e-03 0.125812
autoencoders.py:401 INFO:   145 2019-04-20 20:10:41 7.914356e-03 0.125812
autoencoders.py:401 INFO:   146 2019-04-20 20:10:41 7.914356e-03 0.125812
autoencoders.py:401 INFO:   147 2019-04-20 20:10:42 7.914357e-03 0.125812
autoencoders.py:401 INFO:   148 2019-04-20 20:10:42 7.914358e-03 0.125812
autoencoders.py:401 INFO:   149 2019-04-20 20:10:42 7.914360e-03 0.125812
autoencoders.py:401 INFO:   150 2019-04-20 20:10:42 7.914360e-03 0.125812
autoencoders.py:401 INFO:   151 2019-04-20 20:10:43 7.914361e-03 0.125812
autoencoders.py:401 INFO:   152 2019-04-20 20:10:43 7.914362e-03 0.125812
autoencoders.py:401 INFO:   153 2019-04-20 20:10:43 7.914362e-03 0.125812
autoencoders.py:401 INFO:   154 2019-04-20 20:10:43 7.914362e-03 0.125812
autoencoders.py:401 INFO:   155 2019-04-20 20:10:44 7.914362e-03 0.125812
autoencoders.py:401 INFO:   156 2019-04-20 20:10:44 7.914364e-03 0.119782
autoencoders.py:401 INFO:   157 2019-04-20 20:10:44 7.173922e-03 0.114422
autoencoders.py:401 INFO:   158 2019-04-20 20:10:44 6.546175e-03 0.114422
autoencoders.py:401 INFO:   159 2019-04-20 20:10:44 6.546175e-03 0.114422
autoencoders.py:401 INFO:   160 2019-04-20 20:10:45 6.546175e-03 0.114185
autoencoders.py:401 INFO:   161 2019-04-20 20:10:45 6.546174e-03 0.114422
autoencoders.py:401 INFO:   162 2019-04-20 20:10:45 6.546174e-03 0.114422
autoencoders.py:401 INFO:   163 2019-04-20 20:10:46 6.546174e-03 0.114422
autoencoders.py:401 INFO:   164 2019-04-20 20:10:46 6.546173e-03 0.114407
autoencoders.py:401 INFO:   165 2019-04-20 20:10:46 6.546173e-03 0.114422
autoencoders.py:401 INFO:   166 2019-04-20 20:10:46 6.546173e-03 0.114422
autoencoders.py:401 INFO:   167 2019-04-20 20:10:47 6.546172e-03 0.114422
autoencoders.py:401 INFO:   168 2019-04-20 20:10:47 6.546172e-03 0.114422
autoencoders.py:401 INFO:   169 2019-04-20 20:10:47 6.546172e-03 0.114422
autoencoders.py:401 INFO:   170 2019-04-20 20:10:47 6.546172e-03 0.114422
autoencoders.py:401 INFO:   171 2019-04-20 20:10:48 6.546173e-03 0.114422
autoencoders.py:401 INFO:   172 2019-04-20 20:10:48 6.546172e-03 0.114422
autoencoders.py:401 INFO:   173 2019-04-20 20:10:48 6.546172e-03 0.114422
autoencoders.py:401 INFO:   174 2019-04-20 20:10:48 6.546171e-03 0.114244
autoencoders.py:401 INFO:   175 2019-04-20 20:10:49 6.546170e-03 0.114422
autoencoders.py:401 INFO:   176 2019-04-20 20:10:49 6.546170e-03 0.114422
autoencoders.py:401 INFO:   177 2019-04-20 20:10:49 6.546171e-03 0.114422
autoencoders.py:401 INFO:   178 2019-04-20 20:10:49 6.546170e-03 0.114422
autoencoders.py:401 INFO:   179 2019-04-20 20:10:49 6.546170e-03 0.112720
autoencoders.py:401 INFO:   180 2019-04-20 20:10:50 6.352935e-03 0.112720
autoencoders.py:401 INFO:   181 2019-04-20 20:10:50 6.352934e-03 0.112720
autoencoders.py:401 INFO:   182 2019-04-20 20:10:50 6.352934e-03 0.112720
autoencoders.py:401 INFO:   183 2019-04-20 20:10:51 6.352933e-03 0.112720
autoencoders.py:401 INFO:   184 2019-04-20 20:10:51 6.352933e-03 0.112720
autoencoders.py:401 INFO:   185 2019-04-20 20:10:51 6.352933e-03 0.112720
autoencoders.py:401 INFO:   186 2019-04-20 20:10:51 6.352933e-03 0.112720
autoencoders.py:401 INFO:   187 2019-04-20 20:10:51 6.352932e-03 0.112720
autoencoders.py:401 INFO:   188 2019-04-20 20:10:52 6.352931e-03 0.112720
autoencoders.py:401 INFO:   189 2019-04-20 20:10:52 6.352931e-03 0.112710
autoencoders.py:401 INFO:   190 2019-04-20 20:10:52 6.352932e-03 0.112720
autoencoders.py:401 INFO:   191 2019-04-20 20:10:53 6.352931e-03 0.112720
autoencoders.py:401 INFO:   192 2019-04-20 20:10:53 6.352931e-03 0.112720
autoencoders.py:401 INFO:   193 2019-04-20 20:10:53 6.352931e-03 0.112720
autoencoders.py:401 INFO:   194 2019-04-20 20:10:54 6.352932e-03 0.112720
autoencoders.py:401 INFO:   195 2019-04-20 20:10:54 6.352932e-03 0.112720
autoencoders.py:401 INFO:   196 2019-04-20 20:10:54 6.352932e-03 0.112720
autoencoders.py:401 INFO:   197 2019-04-20 20:10:54 6.352931e-03 0.112720
autoencoders.py:401 INFO:   198 2019-04-20 20:10:55 6.352930e-03 0.112720
autoencoders.py:401 INFO:   199 2019-04-20 20:10:55 6.352930e-03 0.112720
autoencoders.py:401 INFO:   200 2019-04-20 20:10:55 6.352930e-03 0.112720
autoencoders.py:401 INFO:   201 2019-04-20 20:10:55 6.352931e-03 0.112720
autoencoders.py:401 INFO:   202 2019-04-20 20:10:56 6.352929e-03 0.112720
autoencoders.py:401 INFO:   203 2019-04-20 20:10:56 6.352929e-03 0.112720
autoencoders.py:401 INFO:   204 2019-04-20 20:10:56 6.352930e-03 0.112700
autoencoders.py:401 INFO:   205 2019-04-20 20:10:56 6.352928e-03 0.106422
autoencoders.py:401 INFO:   206 2019-04-20 20:10:56 5.662808e-03 0.104242
autoencoders.py:401 INFO:   207 2019-04-20 20:10:56 5.433159e-03 0.103489
autoencoders.py:401 INFO:   208 2019-04-20 20:10:57 5.354954e-03 0.103264
autoencoders.py:401 INFO:   209 2019-04-20 20:10:57 5.354954e-03 0.103489
autoencoders.py:401 INFO:   210 2019-04-20 20:10:57 5.354953e-03 0.103489
autoencoders.py:401 INFO:   211 2019-04-20 20:10:58 5.354953e-03 0.103489
autoencoders.py:401 INFO:   212 2019-04-20 20:10:58 5.354953e-03 0.103489
autoencoders.py:401 INFO:   213 2019-04-20 20:10:58 5.354953e-03 0.103482
autoencoders.py:401 INFO:   214 2019-04-20 20:10:59 5.354953e-03 0.103489
autoencoders.py:401 INFO:   215 2019-04-20 20:10:59 5.354953e-03 0.103489
autoencoders.py:401 INFO:   216 2019-04-20 20:10:59 5.354951e-03 0.103489
autoencoders.py:401 INFO:   217 2019-04-20 20:11:00 5.354951e-03 0.103489
autoencoders.py:401 INFO:   218 2019-04-20 20:11:00 5.354950e-03 0.103489
autoencoders.py:401 INFO:   219 2019-04-20 20:11:00 5.354951e-03 0.103489
autoencoders.py:401 INFO:   220 2019-04-20 20:11:00 5.354951e-03 0.101893
autoencoders.py:401 INFO:   221 2019-04-20 20:11:01 5.191052e-03 0.101893
autoencoders.py:401 INFO:   222 2019-04-20 20:11:01 5.191052e-03 0.101893
autoencoders.py:401 INFO:   223 2019-04-20 20:11:01 5.191053e-03 0.101893
autoencoders.py:401 INFO:   224 2019-04-20 20:11:01 5.191053e-03 0.098887
autoencoders.py:401 INFO:   225 2019-04-20 20:11:02 4.889301e-03 0.098887
autoencoders.py:401 INFO:   226 2019-04-20 20:11:02 4.889301e-03 0.098887
autoencoders.py:401 INFO:   227 2019-04-20 20:11:02 4.889301e-03 0.098887
autoencoders.py:401 INFO:   228 2019-04-20 20:11:03 4.889301e-03 0.098887
autoencoders.py:401 INFO:   229 2019-04-20 20:11:03 4.889301e-03 0.098887
autoencoders.py:401 INFO:   230 2019-04-20 20:11:03 4.889302e-03 0.098887
autoencoders.py:401 INFO:   231 2019-04-20 20:11:03 4.889302e-03 0.098206
autoencoders.py:401 INFO:   232 2019-04-20 20:11:03 4.822171e-03 0.098128
autoencoders.py:401 INFO:   233 2019-04-20 20:11:04 4.822171e-03 0.098206
autoencoders.py:401 INFO:   234 2019-04-20 20:11:04 4.822171e-03 0.098206
autoencoders.py:401 INFO:   235 2019-04-20 20:11:04 4.822171e-03 0.098206
autoencoders.py:401 INFO:   236 2019-04-20 20:11:04 4.822171e-03 0.098206
autoencoders.py:401 INFO:   237 2019-04-20 20:11:04 4.822173e-03 0.098206
autoencoders.py:401 INFO:   238 2019-04-20 20:11:05 4.822172e-03 0.098206
autoencoders.py:401 INFO:   239 2019-04-20 20:11:05 4.822172e-03 0.098206
autoencoders.py:401 INFO:   240 2019-04-20 20:11:05 4.822172e-03 0.098206
autoencoders.py:401 INFO:   241 2019-04-20 20:11:06 4.822172e-03 0.098206
autoencoders.py:401 INFO:   242 2019-04-20 20:11:06 4.822173e-03 0.098206
autoencoders.py:401 INFO:   243 2019-04-20 20:11:06 4.822173e-03 0.098206
autoencoders.py:401 INFO:   244 2019-04-20 20:11:06 4.822173e-03 0.098206
autoencoders.py:401 INFO:   245 2019-04-20 20:11:06 4.822173e-03 0.098206
autoencoders.py:401 INFO:   246 2019-04-20 20:11:07 4.822174e-03 0.098206
autoencoders.py:401 INFO:   247 2019-04-20 20:11:07 4.822173e-03 0.098190
autoencoders.py:401 INFO:   248 2019-04-20 20:11:07 4.822174e-03 0.098206
autoencoders.py:401 INFO:   249 2019-04-20 20:11:07 4.822175e-03 0.098206
autoencoders.py:401 INFO:   250 2019-04-20 20:11:08 4.822173e-03 0.096873
autoencoders.py:401 INFO:   251 2019-04-20 20:11:08 4.692174e-03 0.096873
autoencoders.py:401 INFO:   252 2019-04-20 20:11:08 4.692174e-03 0.096873
autoencoders.py:401 INFO:   253 2019-04-20 20:11:08 4.692174e-03 0.096873
autoencoders.py:401 INFO:   254 2019-04-20 20:11:08 4.692174e-03 0.096873
autoencoders.py:401 INFO:   255 2019-04-20 20:11:09 4.692174e-03 0.096827
autoencoders.py:401 INFO:   256 2019-04-20 20:11:09 4.692174e-03 0.095254
autoencoders.py:401 INFO:   257 2019-04-20 20:11:09 4.536675e-03 0.095254
autoencoders.py:401 INFO:   258 2019-04-20 20:11:09 4.536676e-03 0.093031
autoencoders.py:401 INFO:   259 2019-04-20 20:11:09 4.327359e-03 0.093031
autoencoders.py:401 INFO:   260 2019-04-20 20:11:10 4.327359e-03 0.093031
autoencoders.py:401 INFO:   261 2019-04-20 20:11:10 4.327359e-03 0.093031
autoencoders.py:401 INFO:   262 2019-04-20 20:11:10 4.327359e-03 0.093031
autoencoders.py:401 INFO:   263 2019-04-20 20:11:10 4.327359e-03 0.093031
autoencoders.py:401 INFO:   264 2019-04-20 20:11:11 4.327360e-03 0.093031
autoencoders.py:401 INFO:   265 2019-04-20 20:11:11 4.327360e-03 0.093031
autoencoders.py:401 INFO:   266 2019-04-20 20:11:11 4.327360e-03 0.093031
autoencoders.py:401 INFO:   267 2019-04-20 20:11:11 4.327361e-03 0.093031
autoencoders.py:401 INFO:   268 2019-04-20 20:11:11 4.327362e-03 0.093031
autoencoders.py:401 INFO:   269 2019-04-20 20:11:12 4.327362e-03 0.093031
autoencoders.py:401 INFO:   270 2019-04-20 20:11:12 4.327361e-03 0.092251
autoencoders.py:401 INFO:   271 2019-04-20 20:11:12 4.327361e-03 0.093031
autoencoders.py:401 INFO:   272 2019-04-20 20:11:12 4.327361e-03 0.093031
autoencoders.py:401 INFO:   273 2019-04-20 20:11:13 4.327361e-03 0.093031
autoencoders.py:401 INFO:   274 2019-04-20 20:11:13 4.327361e-03 0.093031
autoencoders.py:401 INFO:   275 2019-04-20 20:11:13 4.327362e-03 0.093031
autoencoders.py:401 INFO:   276 2019-04-20 20:11:13 4.327362e-03 0.093031
autoencoders.py:401 INFO:   277 2019-04-20 20:11:13 4.327362e-03 0.093031
autoencoders.py:401 INFO:   278 2019-04-20 20:11:14 4.327362e-03 0.093031
autoencoders.py:401 INFO:   279 2019-04-20 20:11:14 4.327362e-03 0.093031
autoencoders.py:401 INFO:   280 2019-04-20 20:11:14 4.327362e-03 0.093031
autoencoders.py:401 INFO:   281 2019-04-20 20:11:14 4.327363e-03 0.093005
autoencoders.py:401 INFO:   282 2019-04-20 20:11:15 4.327363e-03 0.092633
autoencoders.py:401 INFO:   283 2019-04-20 20:11:15 4.327363e-03 0.092440
autoencoders.py:401 INFO:   284 2019-04-20 20:11:15 4.327362e-03 0.091535
autoencoders.py:401 INFO:   285 2019-04-20 20:11:15 4.189333e-03 0.091535
autoencoders.py:401 INFO:   286 2019-04-20 20:11:16 4.189333e-03 0.091535
autoencoders.py:401 INFO:   287 2019-04-20 20:11:16 4.189333e-03 0.091535
autoencoders.py:401 INFO:   288 2019-04-20 20:11:16 4.189333e-03 0.091535
autoencoders.py:401 INFO:   289 2019-04-20 20:11:16 4.189333e-03 0.086445
autoencoders.py:401 INFO:   290 2019-04-20 20:11:16 3.736359e-03 0.086439
autoencoders.py:401 INFO:   291 2019-04-20 20:11:17 3.736358e-03 0.086348
autoencoders.py:401 INFO:   292 2019-04-20 20:11:17 3.736359e-03 0.086445
autoencoders.py:401 INFO:   293 2019-04-20 20:11:17 3.736359e-03 0.084688
autoencoders.py:401 INFO:   294 2019-04-20 20:11:17 3.586024e-03 0.084688
autoencoders.py:401 INFO:   295 2019-04-20 20:11:18 3.586025e-03 0.084581
autoencoders.py:401 INFO:   296 2019-04-20 20:11:18 3.586023e-03 0.084688
autoencoders.py:401 INFO:   297 2019-04-20 20:11:18 3.586023e-03 0.084616
autoencoders.py:401 INFO:   298 2019-04-20 20:11:19 3.586024e-03 0.084688
autoencoders.py:401 INFO:   299 2019-04-20 20:11:19 3.586023e-03 0.084688
autoencoders.py:401 INFO:   300 2019-04-20 20:11:19 3.586023e-03 0.084688
autoencoders.py:401 INFO:   301 2019-04-20 20:11:19 3.586022e-03 0.084688
autoencoders.py:401 INFO:   302 2019-04-20 20:11:19 3.586022e-03 0.084688
autoencoders.py:401 INFO:   303 2019-04-20 20:11:20 3.586022e-03 0.084688
autoencoders.py:401 INFO:   304 2019-04-20 20:11:20 3.586022e-03 0.084682
autoencoders.py:401 INFO:   305 2019-04-20 20:11:20 3.586022e-03 0.083914
autoencoders.py:401 INFO:   306 2019-04-20 20:11:20 3.520741e-03 0.083711
autoencoders.py:401 INFO:   307 2019-04-20 20:11:20 3.503780e-03 0.083568
autoencoders.py:401 INFO:   308 2019-04-20 20:11:20 3.503780e-03 0.082399
autoencoders.py:401 INFO:   309 2019-04-20 20:11:21 3.394777e-03 0.082399
autoencoders.py:401 INFO:   310 2019-04-20 20:11:21 3.394777e-03 0.082399
autoencoders.py:401 INFO:   311 2019-04-20 20:11:21 3.394777e-03 0.082399
autoencoders.py:401 INFO:   312 2019-04-20 20:11:21 3.394777e-03 0.082399
autoencoders.py:401 INFO:   313 2019-04-20 20:11:22 3.394777e-03 0.082399
autoencoders.py:401 INFO:   314 2019-04-20 20:11:22 3.394777e-03 0.082392
autoencoders.py:401 INFO:   315 2019-04-20 20:11:22 3.394777e-03 0.082399
autoencoders.py:401 INFO:   316 2019-04-20 20:11:22 3.394777e-03 0.082296
autoencoders.py:401 INFO:   317 2019-04-20 20:11:23 3.394778e-03 0.082399
autoencoders.py:401 INFO:   318 2019-04-20 20:11:23 3.394778e-03 0.082399
autoencoders.py:401 INFO:   319 2019-04-20 20:11:23 3.394778e-03 0.082347
autoencoders.py:401 INFO:   320 2019-04-20 20:11:23 3.394777e-03 0.082391
autoencoders.py:401 INFO:   321 2019-04-20 20:11:24 3.394778e-03 0.082399
autoencoders.py:401 INFO:   322 2019-04-20 20:11:24 3.394778e-03 0.082399
autoencoders.py:401 INFO:   323 2019-04-20 20:11:24 3.394778e-03 0.082399
autoencoders.py:401 INFO:   324 2019-04-20 20:11:24 3.394778e-03 0.082399
autoencoders.py:401 INFO:   325 2019-04-20 20:11:24 3.394778e-03 0.082399
autoencoders.py:401 INFO:   326 2019-04-20 20:11:25 3.394778e-03 0.082399
autoencoders.py:401 INFO:   327 2019-04-20 20:11:25 3.394778e-03 0.082386
autoencoders.py:401 INFO:   328 2019-04-20 20:11:25 3.394778e-03 0.082199
autoencoders.py:401 INFO:   329 2019-04-20 20:11:25 3.378368e-03 0.082098
autoencoders.py:401 INFO:   330 2019-04-20 20:11:25 3.378368e-03 0.082199
autoencoders.py:401 INFO:   331 2019-04-20 20:11:26 3.378368e-03 0.082199
autoencoders.py:401 INFO:   332 2019-04-20 20:11:26 3.378369e-03 0.082199
autoencoders.py:401 INFO:   333 2019-04-20 20:11:26 3.378369e-03 0.082174
autoencoders.py:401 INFO:   334 2019-04-20 20:11:26 3.378369e-03 0.082199
autoencoders.py:401 INFO:   335 2019-04-20 20:11:27 3.378369e-03 0.082199
autoencoders.py:401 INFO:   336 2019-04-20 20:11:27 3.378369e-03 0.082199
autoencoders.py:401 INFO:   337 2019-04-20 20:11:27 3.378370e-03 0.082199
autoencoders.py:401 INFO:   338 2019-04-20 20:11:27 3.378369e-03 0.082199
autoencoders.py:401 INFO:   339 2019-04-20 20:11:28 3.378370e-03 0.082199
autoencoders.py:401 INFO:   340 2019-04-20 20:11:28 3.378370e-03 0.082199
autoencoders.py:401 INFO:   341 2019-04-20 20:11:28 3.378371e-03 0.082199
autoencoders.py:401 INFO:   342 2019-04-20 20:11:28 3.378370e-03 0.082148
autoencoders.py:401 INFO:   343 2019-04-20 20:11:29 3.378370e-03 0.082167
autoencoders.py:401 INFO:   344 2019-04-20 20:11:29 3.378370e-03 0.082199
autoencoders.py:401 INFO:   345 2019-04-20 20:11:29 3.378371e-03 0.081807
autoencoders.py:401 INFO:   346 2019-04-20 20:11:29 3.378371e-03 0.082199
autoencoders.py:401 INFO:   347 2019-04-20 20:11:29 3.378371e-03 0.082199
autoencoders.py:401 INFO:   348 2019-04-20 20:11:30 3.378371e-03 0.082199
autoencoders.py:401 INFO:   349 2019-04-20 20:11:30 3.378372e-03 0.082199
autoencoders.py:401 INFO:   350 2019-04-20 20:11:30 3.378371e-03 0.082199
autoencoders.py:401 INFO:   351 2019-04-20 20:11:31 3.378371e-03 0.082199
autoencoders.py:401 INFO:   352 2019-04-20 20:11:31 3.378372e-03 0.082199
autoencoders.py:401 INFO:   353 2019-04-20 20:11:31 3.378372e-03 0.082199
autoencoders.py:401 INFO:   354 2019-04-20 20:11:32 3.378372e-03 0.082187
autoencoders.py:401 INFO:   355 2019-04-20 20:11:32 3.378373e-03 0.082199
autoencoders.py:401 INFO:   356 2019-04-20 20:11:32 3.378372e-03 0.082199
autoencoders.py:401 INFO:   357 2019-04-20 20:11:32 3.378372e-03 0.080199
autoencoders.py:401 INFO:   358 2019-04-20 20:11:32 3.215947e-03 0.080199
autoencoders.py:401 INFO:   359 2019-04-20 20:11:33 3.215946e-03 0.080199
autoencoders.py:401 INFO:   360 2019-04-20 20:11:33 3.215946e-03 0.080199
autoencoders.py:401 INFO:   361 2019-04-20 20:11:33 3.215946e-03 0.080199
autoencoders.py:401 INFO:   362 2019-04-20 20:11:34 3.215946e-03 0.080199
autoencoders.py:401 INFO:   363 2019-04-20 20:11:34 3.215947e-03 0.080199
autoencoders.py:401 INFO:   364 2019-04-20 20:11:34 3.215948e-03 0.080199
autoencoders.py:401 INFO:   365 2019-04-20 20:11:34 3.215947e-03 0.080199
autoencoders.py:401 INFO:   366 2019-04-20 20:11:35 3.215947e-03 0.080139
autoencoders.py:401 INFO:   367 2019-04-20 20:11:35 3.215947e-03 0.080199
autoencoders.py:401 INFO:   368 2019-04-20 20:11:35 3.215948e-03 0.080199
autoencoders.py:401 INFO:   369 2019-04-20 20:11:36 3.215947e-03 0.080169
autoencoders.py:401 INFO:   370 2019-04-20 20:11:36 3.215947e-03 0.079773
autoencoders.py:401 INFO:   371 2019-04-20 20:11:36 3.181841e-03 0.079159
autoencoders.py:401 INFO:   372 2019-04-20 20:11:36 3.133084e-03 0.079057
autoencoders.py:401 INFO:   373 2019-04-20 20:11:36 3.133085e-03 0.079159
autoencoders.py:401 INFO:   374 2019-04-20 20:11:37 3.133086e-03 0.079159
autoencoders.py:401 INFO:   375 2019-04-20 20:11:37 3.133087e-03 0.079159
autoencoders.py:401 INFO:   376 2019-04-20 20:11:37 3.133086e-03 0.079159
autoencoders.py:401 INFO:   377 2019-04-20 20:11:37 3.133087e-03 0.079159
autoencoders.py:401 INFO:   378 2019-04-20 20:11:38 3.133087e-03 0.079159
autoencoders.py:401 INFO:   379 2019-04-20 20:11:38 3.133087e-03 0.079159
autoencoders.py:401 INFO:   380 2019-04-20 20:11:38 3.133087e-03 0.078430
autoencoders.py:401 INFO:   381 2019-04-20 20:11:38 3.075668e-03 0.078430
autoencoders.py:401 INFO:   382 2019-04-20 20:11:38 3.075668e-03 0.078430
autoencoders.py:401 INFO:   383 2019-04-20 20:11:39 3.075668e-03 0.077274
autoencoders.py:401 INFO:   384 2019-04-20 20:11:39 2.985623e-03 0.076697
autoencoders.py:401 INFO:   385 2019-04-20 20:11:39 2.941189e-03 0.076697
autoencoders.py:401 INFO:   386 2019-04-20 20:11:39 2.941189e-03 0.076697
autoencoders.py:401 INFO:   387 2019-04-20 20:11:39 2.941190e-03 0.076690
autoencoders.py:401 INFO:   388 2019-04-20 20:11:40 2.941190e-03 0.076697
autoencoders.py:401 INFO:   389 2019-04-20 20:11:40 2.941190e-03 0.076697
autoencoders.py:401 INFO:   390 2019-04-20 20:11:40 2.941189e-03 0.076697
autoencoders.py:401 INFO:   391 2019-04-20 20:11:40 2.941189e-03 0.076692
autoencoders.py:401 INFO:   392 2019-04-20 20:11:40 2.941189e-03 0.076697
autoencoders.py:401 INFO:   393 2019-04-20 20:11:41 2.941189e-03 0.076691
autoencoders.py:401 INFO:   394 2019-04-20 20:11:41 2.941189e-03 0.076691
autoencoders.py:401 INFO:   395 2019-04-20 20:11:41 2.941190e-03 0.076691
autoencoders.py:401 INFO:   396 2019-04-20 20:11:41 2.941189e-03 0.076697
autoencoders.py:401 INFO:   397 2019-04-20 20:11:42 2.941189e-03 0.076691
autoencoders.py:401 INFO:   398 2019-04-20 20:11:42 2.941189e-03 0.076697
autoencoders.py:401 INFO:   399 2019-04-20 20:11:42 2.941190e-03 0.076697
autoencoders.py:401 INFO:   400 2019-04-20 20:11:42 2.941189e-03 0.076697
autoencoders.py:401 INFO:   401 2019-04-20 20:11:43 2.941189e-03 0.076697
autoencoders.py:401 INFO:   402 2019-04-20 20:11:43 2.941189e-03 0.076569
autoencoders.py:401 INFO:   403 2019-04-20 20:11:43 2.931436e-03 0.076569
autoencoders.py:401 INFO:   404 2019-04-20 20:11:43 2.931435e-03 0.076569
autoencoders.py:401 INFO:   405 2019-04-20 20:11:44 2.931434e-03 0.076569
autoencoders.py:401 INFO:   406 2019-04-20 20:11:44 2.931434e-03 0.076569
autoencoders.py:401 INFO:   407 2019-04-20 20:11:44 2.931435e-03 0.076569
autoencoders.py:401 INFO:   408 2019-04-20 20:11:45 2.931435e-03 0.076569
autoencoders.py:401 INFO:   409 2019-04-20 20:11:45 2.931434e-03 0.076569
autoencoders.py:401 INFO:   410 2019-04-20 20:11:45 2.931433e-03 0.076569
autoencoders.py:401 INFO:   411 2019-04-20 20:11:45 2.931433e-03 0.076562
autoencoders.py:401 INFO:   412 2019-04-20 20:11:46 2.931433e-03 0.076569
autoencoders.py:401 INFO:   413 2019-04-20 20:11:46 2.931432e-03 0.076562
autoencoders.py:401 INFO:   414 2019-04-20 20:11:46 2.931432e-03 0.076569
autoencoders.py:401 INFO:   415 2019-04-20 20:11:47 2.931431e-03 0.076569
autoencoders.py:401 INFO:   416 2019-04-20 20:11:47 2.931432e-03 0.076569
autoencoders.py:401 INFO:   417 2019-04-20 20:11:47 2.931432e-03 0.076569
autoencoders.py:401 INFO:   418 2019-04-20 20:11:47 2.931431e-03 0.076483
autoencoders.py:401 INFO:   419 2019-04-20 20:11:48 2.931431e-03 0.076525
autoencoders.py:401 INFO:   420 2019-04-20 20:11:48 2.931431e-03 0.076569
autoencoders.py:401 INFO:   421 2019-04-20 20:11:48 2.931430e-03 0.076569
autoencoders.py:401 INFO:   422 2019-04-20 20:11:48 2.931431e-03 0.076276
autoencoders.py:401 INFO:   423 2019-04-20 20:11:49 2.908984e-03 0.076276
autoencoders.py:401 INFO:   424 2019-04-20 20:11:49 2.908985e-03 0.076271
autoencoders.py:401 INFO:   425 2019-04-20 20:11:49 2.908984e-03 0.076276
autoencoders.py:401 INFO:   426 2019-04-20 20:11:49 2.908985e-03 0.076276
autoencoders.py:401 INFO:   427 2019-04-20 20:11:50 2.908986e-03 0.076276
autoencoders.py:401 INFO:   428 2019-04-20 20:11:50 2.908986e-03 0.076276
autoencoders.py:401 INFO:   429 2019-04-20 20:11:50 2.908986e-03 0.076276
autoencoders.py:401 INFO:   430 2019-04-20 20:11:50 2.908986e-03 0.076276
autoencoders.py:401 INFO:   431 2019-04-20 20:11:51 2.908986e-03 0.076239
autoencoders.py:401 INFO:   432 2019-04-20 20:11:51 2.908986e-03 0.076276
autoencoders.py:401 INFO:   433 2019-04-20 20:11:51 2.908986e-03 0.076271
autoencoders.py:401 INFO:   434 2019-04-20 20:11:51 2.908987e-03 0.076276
autoencoders.py:401 INFO:   435 2019-04-20 20:11:52 2.908987e-03 0.076276
autoencoders.py:401 INFO:   436 2019-04-20 20:11:52 2.908987e-03 0.076276
autoencoders.py:401 INFO:   437 2019-04-20 20:11:52 2.908987e-03 0.076276
autoencoders.py:401 INFO:   438 2019-04-20 20:11:52 2.908988e-03 0.076276
autoencoders.py:401 INFO:   439 2019-04-20 20:11:53 2.908988e-03 0.076276
autoencoders.py:401 INFO:   440 2019-04-20 20:11:53 2.908988e-03 0.076276
autoencoders.py:401 INFO:   441 2019-04-20 20:11:53 2.908989e-03 0.076276
autoencoders.py:401 INFO:   442 2019-04-20 20:11:53 2.908990e-03 0.076276
autoencoders.py:401 INFO:   443 2019-04-20 20:11:54 2.908990e-03 0.076140
autoencoders.py:401 INFO:   444 2019-04-20 20:11:54 2.898620e-03 0.076131
autoencoders.py:401 INFO:   445 2019-04-20 20:11:54 2.898620e-03 0.076105
autoencoders.py:401 INFO:   446 2019-04-20 20:11:54 2.898620e-03 0.075666
autoencoders.py:401 INFO:   447 2019-04-20 20:11:55 2.862667e-03 0.075666
autoencoders.py:401 INFO:   448 2019-04-20 20:11:55 2.862666e-03 0.075666
autoencoders.py:401 INFO:   449 2019-04-20 20:11:55 2.862666e-03 0.075666
autoencoders.py:401 INFO:   450 2019-04-20 20:11:55 2.862666e-03 0.075666
autoencoders.py:401 INFO:   451 2019-04-20 20:11:56 2.862665e-03 0.075660
autoencoders.py:401 INFO:   452 2019-04-20 20:11:56 2.862665e-03 0.075428
autoencoders.py:401 INFO:   453 2019-04-20 20:11:56 2.844724e-03 0.075428
autoencoders.py:401 INFO:   454 2019-04-20 20:11:56 2.844725e-03 0.075428
autoencoders.py:401 INFO:   455 2019-04-20 20:11:56 2.844726e-03 0.075428
autoencoders.py:401 INFO:   456 2019-04-20 20:11:57 2.844726e-03 0.075428
autoencoders.py:401 INFO:   457 2019-04-20 20:11:57 2.844726e-03 0.075403
autoencoders.py:401 INFO:   458 2019-04-20 20:11:57 2.844727e-03 0.075422
autoencoders.py:401 INFO:   459 2019-04-20 20:11:58 2.844727e-03 0.075428
autoencoders.py:401 INFO:   460 2019-04-20 20:11:58 2.844728e-03 0.075428
autoencoders.py:401 INFO:   461 2019-04-20 20:11:58 2.844728e-03 0.075428
autoencoders.py:401 INFO:   462 2019-04-20 20:11:58 2.844729e-03 0.075428
autoencoders.py:401 INFO:   463 2019-04-20 20:11:59 2.844729e-03 0.075428
autoencoders.py:401 INFO:   464 2019-04-20 20:11:59 2.844729e-03 0.075429
autoencoders.py:401 INFO:   465 2019-04-20 20:11:59 2.844730e-03 0.075429
autoencoders.py:401 INFO:   466 2019-04-20 20:12:00 2.844730e-03 0.075429
autoencoders.py:401 INFO:   467 2019-04-20 20:12:00 2.844730e-03 0.075429
autoencoders.py:401 INFO:   468 2019-04-20 20:12:00 2.844731e-03 0.075429
autoencoders.py:401 INFO:   469 2019-04-20 20:12:00 2.844731e-03 0.075422
autoencoders.py:401 INFO:   470 2019-04-20 20:12:00 2.844732e-03 0.075178
autoencoders.py:401 INFO:   471 2019-04-20 20:12:01 2.825869e-03 0.075161
autoencoders.py:401 INFO:   472 2019-04-20 20:12:01 2.825870e-03 0.074933
autoencoders.py:401 INFO:   473 2019-04-20 20:12:01 2.807503e-03 0.074790
autoencoders.py:401 INFO:   474 2019-04-20 20:12:01 2.796759e-03 0.074790
autoencoders.py:401 INFO:   475 2019-04-20 20:12:02 2.796758e-03 0.074782
autoencoders.py:401 INFO:   476 2019-04-20 20:12:02 2.796758e-03 0.074790
autoencoders.py:401 INFO:   477 2019-04-20 20:12:02 2.796758e-03 0.074790
autoencoders.py:401 INFO:   478 2019-04-20 20:12:02 2.796757e-03 0.074782
autoencoders.py:401 INFO:   479 2019-04-20 20:12:03 2.796757e-03 0.074790
autoencoders.py:401 INFO:   480 2019-04-20 20:12:03 2.796757e-03 0.074705
autoencoders.py:401 INFO:   481 2019-04-20 20:12:03 2.796757e-03 0.074790
autoencoders.py:401 INFO:   482 2019-04-20 20:12:04 2.796757e-03 0.074705
autoencoders.py:401 INFO:   483 2019-04-20 20:12:04 2.796758e-03 0.074790
autoencoders.py:401 INFO:   484 2019-04-20 20:12:04 2.796757e-03 0.074790
autoencoders.py:401 INFO:   485 2019-04-20 20:12:04 2.796756e-03 0.074790
autoencoders.py:401 INFO:   486 2019-04-20 20:12:05 2.796756e-03 0.074790
autoencoders.py:401 INFO:   487 2019-04-20 20:12:05 2.796756e-03 0.074790
autoencoders.py:401 INFO:   488 2019-04-20 20:12:05 2.796756e-03 0.074790
autoencoders.py:401 INFO:   489 2019-04-20 20:12:05 2.796755e-03 0.074790
autoencoders.py:401 INFO:   490 2019-04-20 20:12:06 2.796755e-03 0.074790
autoencoders.py:401 INFO:   491 2019-04-20 20:12:06 2.796755e-03 0.074790
autoencoders.py:401 INFO:   492 2019-04-20 20:12:06 2.796754e-03 0.074790
autoencoders.py:401 INFO:   493 2019-04-20 20:12:06 2.796753e-03 0.074790
autoencoders.py:401 INFO:   494 2019-04-20 20:12:06 2.796753e-03 0.074626
autoencoders.py:401 INFO:   495 2019-04-20 20:12:07 2.784524e-03 0.074566
autoencoders.py:401 INFO:   496 2019-04-20 20:12:07 2.784524e-03 0.074538
autoencoders.py:401 INFO:   497 2019-04-20 20:12:07 2.784524e-03 0.074626
autoencoders.py:401 INFO:   498 2019-04-20 20:12:08 2.784525e-03 0.074626
autoencoders.py:401 INFO:   499 2019-04-20 20:12:08 2.784524e-03 0.074626
autoencoders.py:401 INFO:   500 2019-04-20 20:12:08 2.784524e-03 0.074619
autoencoders.py:401 INFO:   501 2019-04-20 20:12:08 2.784525e-03 0.074626
autoencoders.py:401 INFO:   502 2019-04-20 20:12:09 2.784524e-03 0.074626
autoencoders.py:401 INFO:   503 2019-04-20 20:12:09 2.784524e-03 0.074626
autoencoders.py:401 INFO:   504 2019-04-20 20:12:09 2.784523e-03 0.074626
autoencoders.py:401 INFO:   505 2019-04-20 20:12:09 2.784524e-03 0.074626
autoencoders.py:401 INFO:   506 2019-04-20 20:12:09 2.784524e-03 0.074626
autoencoders.py:401 INFO:   507 2019-04-20 20:12:10 2.784524e-03 0.074626
autoencoders.py:401 INFO:   508 2019-04-20 20:12:10 2.784523e-03 0.074626
autoencoders.py:401 INFO:   509 2019-04-20 20:12:10 2.784523e-03 0.074581
autoencoders.py:401 INFO:   510 2019-04-20 20:12:11 2.784524e-03 0.074620
autoencoders.py:401 INFO:   511 2019-04-20 20:12:11 2.784523e-03 0.074626
autoencoders.py:401 INFO:   512 2019-04-20 20:12:11 2.784523e-03 0.074626
autoencoders.py:401 INFO:   513 2019-04-20 20:12:11 2.784523e-03 0.074538
autoencoders.py:401 INFO:   514 2019-04-20 20:12:12 2.784523e-03 0.074626
autoencoders.py:401 INFO:   515 2019-04-20 20:12:12 2.784523e-03 0.074626
autoencoders.py:401 INFO:   516 2019-04-20 20:12:12 2.784523e-03 0.074626
autoencoders.py:401 INFO:   517 2019-04-20 20:12:13 2.784523e-03 0.074626
autoencoders.py:401 INFO:   518 2019-04-20 20:12:13 2.784522e-03 0.074626
autoencoders.py:401 INFO:   519 2019-04-20 20:12:13 2.784522e-03 0.074538
autoencoders.py:401 INFO:   520 2019-04-20 20:12:13 2.784522e-03 0.074619
autoencoders.py:401 INFO:   521 2019-04-20 20:12:13 2.784522e-03 0.073826
autoencoders.py:401 INFO:   522 2019-04-20 20:12:13 2.725123e-03 0.073562
autoencoders.py:401 INFO:   523 2019-04-20 20:12:14 2.705707e-03 0.072432
autoencoders.py:401 INFO:   524 2019-04-20 20:12:14 2.623182e-03 0.072432
autoencoders.py:401 INFO:   525 2019-04-20 20:12:14 2.623182e-03 0.072432
autoencoders.py:401 INFO:   526 2019-04-20 20:12:15 2.623182e-03 0.072432
autoencoders.py:401 INFO:   527 2019-04-20 20:12:15 2.623182e-03 0.072432
autoencoders.py:401 INFO:   528 2019-04-20 20:12:15 2.623182e-03 0.072432
autoencoders.py:401 INFO:   529 2019-04-20 20:12:15 2.623183e-03 0.072432
autoencoders.py:401 INFO:   530 2019-04-20 20:12:16 2.623182e-03 0.072432
autoencoders.py:401 INFO:   531 2019-04-20 20:12:16 2.623182e-03 0.072432
autoencoders.py:401 INFO:   532 2019-04-20 20:12:16 2.623182e-03 0.072432
autoencoders.py:401 INFO:   533 2019-04-20 20:12:17 2.623182e-03 0.072432
autoencoders.py:401 INFO:   534 2019-04-20 20:12:17 2.623183e-03 0.072432
autoencoders.py:401 INFO:   535 2019-04-20 20:12:17 2.623182e-03 0.072432
autoencoders.py:401 INFO:   536 2019-04-20 20:12:17 2.623182e-03 0.072432
autoencoders.py:401 INFO:   537 2019-04-20 20:12:18 2.623182e-03 0.071224
autoencoders.py:401 INFO:   538 2019-04-20 20:12:18 2.536431e-03 0.071224
autoencoders.py:401 INFO:   539 2019-04-20 20:12:18 2.536431e-03 0.071224
autoencoders.py:401 INFO:   540 2019-04-20 20:12:18 2.536430e-03 0.071224
autoencoders.py:401 INFO:   541 2019-04-20 20:12:19 2.536431e-03 0.071224
autoencoders.py:401 INFO:   542 2019-04-20 20:12:19 2.536431e-03 0.071224
autoencoders.py:401 INFO:   543 2019-04-20 20:12:19 2.536430e-03 0.071224
autoencoders.py:401 INFO:   544 2019-04-20 20:12:19 2.536430e-03 0.071224
autoencoders.py:401 INFO:   545 2019-04-20 20:12:19 2.536429e-03 0.071224
autoencoders.py:401 INFO:   546 2019-04-20 20:12:20 2.536429e-03 0.071224
autoencoders.py:401 INFO:   547 2019-04-20 20:12:20 2.536428e-03 0.071204
autoencoders.py:401 INFO:   548 2019-04-20 20:12:20 2.536428e-03 0.070618
autoencoders.py:401 INFO:   549 2019-04-20 20:12:20 2.493440e-03 0.070609
autoencoders.py:401 INFO:   550 2019-04-20 20:12:20 2.493440e-03 0.070618
autoencoders.py:401 INFO:   551 2019-04-20 20:12:21 2.493440e-03 0.070618
autoencoders.py:401 INFO:   552 2019-04-20 20:12:21 2.493439e-03 0.070618
autoencoders.py:401 INFO:   553 2019-04-20 20:12:21 2.493439e-03 0.070618
autoencoders.py:401 INFO:   554 2019-04-20 20:12:22 2.493439e-03 0.070618
autoencoders.py:401 INFO:   555 2019-04-20 20:12:22 2.493439e-03 0.070618
autoencoders.py:401 INFO:   556 2019-04-20 20:12:22 2.493439e-03 0.070618
autoencoders.py:401 INFO:   557 2019-04-20 20:12:22 2.493439e-03 0.070618
autoencoders.py:401 INFO:   558 2019-04-20 20:12:23 2.493439e-03 0.070618
autoencoders.py:401 INFO:   559 2019-04-20 20:12:23 2.493439e-03 0.070618
autoencoders.py:401 INFO:   560 2019-04-20 20:12:23 2.493439e-03 0.070618
autoencoders.py:401 INFO:   561 2019-04-20 20:12:23 2.493440e-03 0.070297
autoencoders.py:401 INFO:   562 2019-04-20 20:12:23 2.470826e-03 0.070297
autoencoders.py:401 INFO:   563 2019-04-20 20:12:24 2.470826e-03 0.070297
autoencoders.py:401 INFO:   564 2019-04-20 20:12:24 2.470826e-03 0.070297
autoencoders.py:401 INFO:   565 2019-04-20 20:12:24 2.470826e-03 0.070297
autoencoders.py:401 INFO:   566 2019-04-20 20:12:24 2.470827e-03 0.070290
autoencoders.py:401 INFO:   567 2019-04-20 20:12:25 2.470827e-03 0.070269
autoencoders.py:401 INFO:   568 2019-04-20 20:12:25 2.468863e-03 0.069920
autoencoders.py:401 INFO:   569 2019-04-20 20:12:25 2.444369e-03 0.069792
autoencoders.py:401 INFO:   570 2019-04-20 20:12:25 2.435454e-03 0.069424
autoencoders.py:401 INFO:   571 2019-04-20 20:12:25 2.409858e-03 0.069424
autoencoders.py:401 INFO:   572 2019-04-20 20:12:26 2.409858e-03 0.069424
autoencoders.py:401 INFO:   573 2019-04-20 20:12:26 2.409858e-03 0.069424
autoencoders.py:401 INFO:   574 2019-04-20 20:12:26 2.409859e-03 0.069424
autoencoders.py:401 INFO:   575 2019-04-20 20:12:27 2.409858e-03 0.069424
autoencoders.py:401 INFO:   576 2019-04-20 20:12:27 2.409858e-03 0.069424
autoencoders.py:401 INFO:   577 2019-04-20 20:12:27 2.409859e-03 0.069424
autoencoders.py:401 INFO:   578 2019-04-20 20:12:27 2.409858e-03 0.069424
autoencoders.py:401 INFO:   579 2019-04-20 20:12:28 2.409858e-03 0.069424
autoencoders.py:401 INFO:   580 2019-04-20 20:12:28 2.409859e-03 0.069416
autoencoders.py:401 INFO:   581 2019-04-20 20:12:28 2.409859e-03 0.069424
autoencoders.py:401 INFO:   582 2019-04-20 20:12:28 2.409859e-03 0.068872
autoencoders.py:401 INFO:   583 2019-04-20 20:12:29 2.371695e-03 0.068872
autoencoders.py:401 INFO:   584 2019-04-20 20:12:29 2.371695e-03 0.068872
autoencoders.py:401 INFO:   585 2019-04-20 20:12:29 2.371695e-03 0.068872
autoencoders.py:401 INFO:   586 2019-04-20 20:12:29 2.371695e-03 0.068872
autoencoders.py:401 INFO:   587 2019-04-20 20:12:30 2.371695e-03 0.068872
autoencoders.py:401 INFO:   588 2019-04-20 20:12:30 2.371696e-03 0.068439
autoencoders.py:401 INFO:   589 2019-04-20 20:12:30 2.341952e-03 0.068432
autoencoders.py:401 INFO:   590 2019-04-20 20:12:30 2.341952e-03 0.068439
autoencoders.py:401 INFO:   591 2019-04-20 20:12:31 2.341953e-03 0.068439
autoencoders.py:401 INFO:   592 2019-04-20 20:12:31 2.341952e-03 0.068395
autoencoders.py:401 INFO:   593 2019-04-20 20:12:32 2.341952e-03 0.068432
autoencoders.py:401 INFO:   594 2019-04-20 20:12:32 2.341952e-03 0.068439
autoencoders.py:401 INFO:   595 2019-04-20 20:12:32 2.341953e-03 0.068439
autoencoders.py:401 INFO:   596 2019-04-20 20:12:32 2.341953e-03 0.068439
autoencoders.py:401 INFO:   597 2019-04-20 20:12:33 2.341953e-03 0.068439
autoencoders.py:401 INFO:   598 2019-04-20 20:12:33 2.341953e-03 0.068439
autoencoders.py:401 INFO:   599 2019-04-20 20:12:33 2.341954e-03 0.068439
autoencoders.py:401 INFO:   600 2019-04-20 20:12:33 2.341954e-03 0.068439
autoencoders.py:401 INFO:   601 2019-04-20 20:12:34 2.341955e-03 0.068439
autoencoders.py:401 INFO:   602 2019-04-20 20:12:34 2.341955e-03 0.068439
autoencoders.py:401 INFO:   603 2019-04-20 20:12:34 2.341955e-03 0.068439
autoencoders.py:401 INFO:   604 2019-04-20 20:12:34 2.341955e-03 0.068439
autoencoders.py:401 INFO:   605 2019-04-20 20:12:34 2.341956e-03 0.068439
autoencoders.py:401 INFO:   606 2019-04-20 20:12:35 2.341956e-03 0.068439
autoencoders.py:401 INFO:   607 2019-04-20 20:12:35 2.341956e-03 0.068439
autoencoders.py:401 INFO:   608 2019-04-20 20:12:35 2.341956e-03 0.068439
autoencoders.py:401 INFO:   609 2019-04-20 20:12:35 2.341956e-03 0.068439
autoencoders.py:401 INFO:   610 2019-04-20 20:12:36 2.341956e-03 0.068439
autoencoders.py:401 INFO:   611 2019-04-20 20:12:36 2.341956e-03 0.068439
autoencoders.py:401 INFO:   612 2019-04-20 20:12:36 2.341956e-03 0.068395
autoencoders.py:401 INFO:   613 2019-04-20 20:12:36 2.341956e-03 0.068166
autoencoders.py:401 INFO:   614 2019-04-20 20:12:36 2.323288e-03 0.068122
autoencoders.py:401 INFO:   615 2019-04-20 20:12:37 2.323288e-03 0.068166
autoencoders.py:401 INFO:   616 2019-04-20 20:12:37 2.323288e-03 0.068166
autoencoders.py:401 INFO:   617 2019-04-20 20:12:37 2.323288e-03 0.068166
autoencoders.py:401 INFO:   618 2019-04-20 20:12:37 2.323289e-03 0.068166
autoencoders.py:401 INFO:   619 2019-04-20 20:12:38 2.323288e-03 0.068166
autoencoders.py:401 INFO:   620 2019-04-20 20:12:38 2.323288e-03 0.068166
autoencoders.py:401 INFO:   621 2019-04-20 20:12:38 2.323288e-03 0.068166
autoencoders.py:401 INFO:   622 2019-04-20 20:12:38 2.323288e-03 0.068166
autoencoders.py:401 INFO:   623 2019-04-20 20:12:39 2.323288e-03 0.068166
autoencoders.py:401 INFO:   624 2019-04-20 20:12:39 2.323288e-03 0.068166
autoencoders.py:401 INFO:   625 2019-04-20 20:12:39 2.323288e-03 0.068166
autoencoders.py:401 INFO:   626 2019-04-20 20:12:39 2.323288e-03 0.068156
autoencoders.py:401 INFO:   627 2019-04-20 20:12:40 2.323289e-03 0.068158
autoencoders.py:401 INFO:   628 2019-04-20 20:12:40 2.323289e-03 0.068166
autoencoders.py:401 INFO:   629 2019-04-20 20:12:40 2.323289e-03 0.068166
autoencoders.py:401 INFO:   630 2019-04-20 20:12:40 2.323289e-03 0.068166
autoencoders.py:401 INFO:   631 2019-04-20 20:12:41 2.323289e-03 0.068166
autoencoders.py:401 INFO:   632 2019-04-20 20:12:41 2.323288e-03 0.068166
autoencoders.py:401 INFO:   633 2019-04-20 20:12:41 2.323288e-03 0.068166
autoencoders.py:401 INFO:   634 2019-04-20 20:12:41 2.323288e-03 0.068166
autoencoders.py:401 INFO:   635 2019-04-20 20:12:42 2.323288e-03 0.068166
autoencoders.py:401 INFO:   636 2019-04-20 20:12:42 2.323288e-03 0.068166
autoencoders.py:401 INFO:   637 2019-04-20 20:12:42 2.323288e-03 0.068166
autoencoders.py:401 INFO:   638 2019-04-20 20:12:42 2.323288e-03 0.067099
autoencoders.py:401 INFO:   639 2019-04-20 20:12:43 2.251135e-03 0.067099
autoencoders.py:401 INFO:   640 2019-04-20 20:12:43 2.251134e-03 0.067038
autoencoders.py:401 INFO:   641 2019-04-20 20:12:43 2.251134e-03 0.067099
autoencoders.py:401 INFO:   642 2019-04-20 20:12:44 2.251134e-03 0.067099
autoencoders.py:401 INFO:   643 2019-04-20 20:12:44 2.251134e-03 0.067088
autoencoders.py:401 INFO:   644 2019-04-20 20:12:44 2.251133e-03 0.067099
autoencoders.py:401 INFO:   645 2019-04-20 20:12:44 2.251132e-03 0.067099
autoencoders.py:401 INFO:   646 2019-04-20 20:12:44 2.251133e-03 0.066706
autoencoders.py:401 INFO:   647 2019-04-20 20:12:45 2.224817e-03 0.066706
autoencoders.py:401 INFO:   648 2019-04-20 20:12:45 2.224817e-03 0.066706
autoencoders.py:401 INFO:   649 2019-04-20 20:12:45 2.224817e-03 0.066706
autoencoders.py:401 INFO:   650 2019-04-20 20:12:45 2.224817e-03 0.066706
autoencoders.py:401 INFO:   651 2019-04-20 20:12:46 2.224817e-03 0.066706
autoencoders.py:401 INFO:   652 2019-04-20 20:12:46 2.224818e-03 0.066706
autoencoders.py:401 INFO:   653 2019-04-20 20:12:46 2.224817e-03 0.066706
autoencoders.py:401 INFO:   654 2019-04-20 20:12:46 2.224818e-03 0.066706
autoencoders.py:401 INFO:   655 2019-04-20 20:12:46 2.224818e-03 0.066630
autoencoders.py:401 INFO:   656 2019-04-20 20:12:47 2.224818e-03 0.066421
autoencoders.py:401 INFO:   657 2019-04-20 20:12:47 2.205907e-03 0.066352
autoencoders.py:401 INFO:   658 2019-04-20 20:12:47 2.205907e-03 0.066421
autoencoders.py:401 INFO:   659 2019-04-20 20:12:47 2.205906e-03 0.066421
autoencoders.py:401 INFO:   660 2019-04-20 20:12:48 2.205906e-03 0.066421
autoencoders.py:401 INFO:   661 2019-04-20 20:12:48 2.205906e-03 0.066421
autoencoders.py:401 INFO:   662 2019-04-20 20:12:48 2.205906e-03 0.066421
autoencoders.py:401 INFO:   663 2019-04-20 20:12:49 2.205906e-03 0.066421
autoencoders.py:401 INFO:   664 2019-04-20 20:12:49 2.205906e-03 0.066421
autoencoders.py:401 INFO:   665 2019-04-20 20:12:49 2.205906e-03 0.066421
autoencoders.py:401 INFO:   666 2019-04-20 20:12:49 2.205906e-03 0.066421
autoencoders.py:401 INFO:   667 2019-04-20 20:12:50 2.205905e-03 0.066421
autoencoders.py:401 INFO:   668 2019-04-20 20:12:50 2.205906e-03 0.066421
autoencoders.py:401 INFO:   669 2019-04-20 20:12:50 2.205905e-03 0.066421
autoencoders.py:401 INFO:   670 2019-04-20 20:12:51 2.205905e-03 0.066421
autoencoders.py:401 INFO:   671 2019-04-20 20:12:51 2.205905e-03 0.066421
autoencoders.py:401 INFO:   672 2019-04-20 20:12:51 2.205904e-03 0.066421
autoencoders.py:401 INFO:   673 2019-04-20 20:12:52 2.205905e-03 0.066421
autoencoders.py:401 INFO:   674 2019-04-20 20:12:52 2.205904e-03 0.066421
autoencoders.py:401 INFO:   675 2019-04-20 20:12:52 2.205903e-03 0.066421
autoencoders.py:401 INFO:   676 2019-04-20 20:12:52 2.205904e-03 0.066421
autoencoders.py:401 INFO:   677 2019-04-20 20:12:53 2.205904e-03 0.066421
autoencoders.py:401 INFO:   678 2019-04-20 20:12:53 2.205903e-03 0.066421
autoencoders.py:401 INFO:   679 2019-04-20 20:12:53 2.205903e-03 0.065909
autoencoders.py:401 INFO:   680 2019-04-20 20:12:53 2.172024e-03 0.064792
autoencoders.py:401 INFO:   681 2019-04-20 20:12:53 2.099006e-03 0.064792
autoencoders.py:401 INFO:   682 2019-04-20 20:12:54 2.099006e-03 0.064792
autoencoders.py:401 INFO:   683 2019-04-20 20:12:54 2.099007e-03 0.064792
autoencoders.py:401 INFO:   684 2019-04-20 20:12:54 2.099007e-03 0.064792
autoencoders.py:401 INFO:   685 2019-04-20 20:12:54 2.099007e-03 0.064792
autoencoders.py:401 INFO:   686 2019-04-20 20:12:55 2.099007e-03 0.064792
autoencoders.py:401 INFO:   687 2019-04-20 20:12:55 2.099007e-03 0.064792
autoencoders.py:401 INFO:   688 2019-04-20 20:12:55 2.099007e-03 0.064792
autoencoders.py:401 INFO:   689 2019-04-20 20:12:55 2.099007e-03 0.064792
autoencoders.py:401 INFO:   690 2019-04-20 20:12:56 2.099007e-03 0.064792
autoencoders.py:401 INFO:   691 2019-04-20 20:12:56 2.099007e-03 0.064792
autoencoders.py:401 INFO:   692 2019-04-20 20:12:56 2.099008e-03 0.064792
autoencoders.py:401 INFO:   693 2019-04-20 20:12:56 2.099007e-03 0.064518
autoencoders.py:401 INFO:   694 2019-04-20 20:12:57 2.081288e-03 0.064518
autoencoders.py:401 INFO:   695 2019-04-20 20:12:57 2.081289e-03 0.064518
autoencoders.py:401 INFO:   696 2019-04-20 20:12:57 2.081288e-03 0.064518
autoencoders.py:401 INFO:   697 2019-04-20 20:12:57 2.081289e-03 0.064014
autoencoders.py:401 INFO:   698 2019-04-20 20:12:57 2.048880e-03 0.064014
autoencoders.py:401 INFO:   699 2019-04-20 20:12:58 2.048879e-03 0.063935
autoencoders.py:401 INFO:   700 2019-04-20 20:12:58 2.048879e-03 0.064006
autoencoders.py:401 INFO:   701 2019-04-20 20:12:58 2.048880e-03 0.064014
autoencoders.py:401 INFO:   702 2019-04-20 20:12:58 2.048880e-03 0.064006
autoencoders.py:401 INFO:   703 2019-04-20 20:12:59 2.048879e-03 0.064014
autoencoders.py:401 INFO:   704 2019-04-20 20:12:59 2.048879e-03 0.064014
autoencoders.py:401 INFO:   705 2019-04-20 20:12:59 2.048879e-03 0.064006
autoencoders.py:401 INFO:   706 2019-04-20 20:13:00 2.048879e-03 0.064014
autoencoders.py:401 INFO:   707 2019-04-20 20:13:00 2.048879e-03 0.064014
autoencoders.py:401 INFO:   708 2019-04-20 20:13:00 2.048879e-03 0.064014
autoencoders.py:401 INFO:   709 2019-04-20 20:13:00 2.048879e-03 0.064002
autoencoders.py:401 INFO:   710 2019-04-20 20:13:01 2.048879e-03 0.064014
autoencoders.py:401 INFO:   711 2019-04-20 20:13:01 2.048878e-03 0.064014
autoencoders.py:401 INFO:   712 2019-04-20 20:13:01 2.048878e-03 0.064014
autoencoders.py:401 INFO:   713 2019-04-20 20:13:01 2.048878e-03 0.064014
autoencoders.py:401 INFO:   714 2019-04-20 20:13:02 2.048878e-03 0.064014
autoencoders.py:401 INFO:   715 2019-04-20 20:13:02 2.048878e-03 0.064014
autoencoders.py:401 INFO:   716 2019-04-20 20:13:02 2.048878e-03 0.064014
autoencoders.py:401 INFO:   717 2019-04-20 20:13:02 2.048878e-03 0.063998
autoencoders.py:401 INFO:   718 2019-04-20 20:13:02 2.048878e-03 0.064014
autoencoders.py:401 INFO:   719 2019-04-20 20:13:03 2.048878e-03 0.064002
autoencoders.py:401 INFO:   720 2019-04-20 20:13:03 2.048878e-03 0.063998
autoencoders.py:401 INFO:   721 2019-04-20 20:13:03 2.048878e-03 0.063859
autoencoders.py:401 INFO:   722 2019-04-20 20:13:03 2.048878e-03 0.063156
autoencoders.py:401 INFO:   723 2019-04-20 20:13:04 1.994343e-03 0.063222
autoencoders.py:401 INFO:   724 2019-04-20 20:13:04 1.994344e-03 0.063130
autoencoders.py:401 INFO:   725 2019-04-20 20:13:04 1.994344e-03 0.063156
autoencoders.py:401 INFO:   726 2019-04-20 20:13:05 1.994345e-03 0.063156
autoencoders.py:401 INFO:   727 2019-04-20 20:13:05 1.994344e-03 0.063156
autoencoders.py:401 INFO:   728 2019-04-20 20:13:05 1.994344e-03 0.063054
autoencoders.py:401 INFO:   729 2019-04-20 20:13:05 1.994344e-03 0.063156
autoencoders.py:401 INFO:   730 2019-04-20 20:13:06 1.994344e-03 0.063150
autoencoders.py:401 INFO:   731 2019-04-20 20:13:06 1.994344e-03 0.063146
autoencoders.py:401 INFO:   732 2019-04-20 20:13:06 1.994345e-03 0.063156
autoencoders.py:401 INFO:   733 2019-04-20 20:13:07 1.994345e-03 0.063222
autoencoders.py:401 INFO:   734 2019-04-20 20:13:07 1.994345e-03 0.063156
autoencoders.py:401 INFO:   735 2019-04-20 20:13:07 1.994345e-03 0.063146
autoencoders.py:401 INFO:   736 2019-04-20 20:13:07 1.994345e-03 0.063156
autoencoders.py:401 INFO:   737 2019-04-20 20:13:08 1.994345e-03 0.063156
autoencoders.py:401 INFO:   738 2019-04-20 20:13:08 1.994344e-03 0.063156
autoencoders.py:401 INFO:   739 2019-04-20 20:13:08 1.994344e-03 0.063156
autoencoders.py:401 INFO:   740 2019-04-20 20:13:08 1.994344e-03 0.063156
autoencoders.py:401 INFO:   741 2019-04-20 20:13:09 1.994344e-03 0.063146
autoencoders.py:401 INFO:   742 2019-04-20 20:13:09 1.994344e-03 0.063156
autoencoders.py:401 INFO:   743 2019-04-20 20:13:09 1.994344e-03 0.063089
autoencoders.py:401 INFO:   744 2019-04-20 20:13:09 1.994345e-03 0.063156
autoencoders.py:401 INFO:   745 2019-04-20 20:13:10 1.994345e-03 0.063156
autoencoders.py:401 INFO:   746 2019-04-20 20:13:10 1.994344e-03 0.063156
autoencoders.py:401 INFO:   747 2019-04-20 20:13:10 1.994345e-03 0.063156
autoencoders.py:401 INFO:   748 2019-04-20 20:13:10 1.994345e-03 0.062500
autoencoders.py:401 INFO:   749 2019-04-20 20:13:11 1.953127e-03 0.062500
autoencoders.py:401 INFO:   750 2019-04-20 20:13:11 1.953127e-03 0.062500
autoencoders.py:401 INFO:   751 2019-04-20 20:13:11 1.953126e-03 0.062500
autoencoders.py:401 INFO:   752 2019-04-20 20:13:12 1.953126e-03 0.062500
autoencoders.py:401 INFO:   753 2019-04-20 20:13:12 1.953126e-03 0.061631
autoencoders.py:401 INFO:   754 2019-04-20 20:13:12 1.899201e-03 0.061631
autoencoders.py:401 INFO:   755 2019-04-20 20:13:12 1.899201e-03 0.061631
autoencoders.py:401 INFO:   756 2019-04-20 20:13:12 1.899201e-03 0.061631
autoencoders.py:401 INFO:   757 2019-04-20 20:13:13 1.899201e-03 0.061629
autoencoders.py:401 INFO:   758 2019-04-20 20:13:13 1.899200e-03 0.061631
autoencoders.py:401 INFO:   759 2019-04-20 20:13:13 1.899200e-03 0.061631
autoencoders.py:401 INFO:   760 2019-04-20 20:13:13 1.899200e-03 0.061631
autoencoders.py:401 INFO:   761 2019-04-20 20:13:13 1.899200e-03 0.061631
autoencoders.py:401 INFO:   762 2019-04-20 20:13:14 1.899199e-03 0.061631
autoencoders.py:401 INFO:   763 2019-04-20 20:13:14 1.899200e-03 0.061631
autoencoders.py:401 INFO:   764 2019-04-20 20:13:14 1.899199e-03 0.061631
autoencoders.py:401 INFO:   765 2019-04-20 20:13:14 1.899199e-03 0.061631
autoencoders.py:401 INFO:   766 2019-04-20 20:13:15 1.899199e-03 0.061627
autoencoders.py:401 INFO:   767 2019-04-20 20:13:15 1.899199e-03 0.061151
autoencoders.py:401 INFO:   768 2019-04-20 20:13:15 1.869738e-03 0.060948
autoencoders.py:401 INFO:   769 2019-04-20 20:13:15 1.857345e-03 0.060948
autoencoders.py:401 INFO:   770 2019-04-20 20:13:15 1.857345e-03 0.060929
autoencoders.py:401 INFO:   771 2019-04-20 20:13:16 1.857345e-03 0.060948
autoencoders.py:401 INFO:   772 2019-04-20 20:13:16 1.857344e-03 0.060948
autoencoders.py:401 INFO:   773 2019-04-20 20:13:16 1.857345e-03 0.060948
autoencoders.py:401 INFO:   774 2019-04-20 20:13:16 1.857345e-03 0.060948
autoencoders.py:401 INFO:   775 2019-04-20 20:13:17 1.857345e-03 0.060948
autoencoders.py:401 INFO:   776 2019-04-20 20:13:17 1.857345e-03 0.060948
autoencoders.py:401 INFO:   777 2019-04-20 20:13:17 1.857345e-03 0.060893
autoencoders.py:401 INFO:   778 2019-04-20 20:13:17 1.857345e-03 0.060948
autoencoders.py:401 INFO:   779 2019-04-20 20:13:18 1.857346e-03 0.060943
autoencoders.py:401 INFO:   780 2019-04-20 20:13:18 1.857345e-03 0.060948
autoencoders.py:401 INFO:   781 2019-04-20 20:13:18 1.857345e-03 0.060948
autoencoders.py:401 INFO:   782 2019-04-20 20:13:18 1.857346e-03 0.060948
autoencoders.py:401 INFO:   783 2019-04-20 20:13:19 1.857346e-03 0.060943
autoencoders.py:401 INFO:   784 2019-04-20 20:13:19 1.857346e-03 0.060948
autoencoders.py:401 INFO:   785 2019-04-20 20:13:19 1.857346e-03 0.060943
autoencoders.py:401 INFO:   786 2019-04-20 20:13:19 1.857345e-03 0.060948
autoencoders.py:401 INFO:   787 2019-04-20 20:13:20 1.857346e-03 0.059926
autoencoders.py:401 INFO:   788 2019-04-20 20:13:20 1.795543e-03 0.059905
autoencoders.py:401 INFO:   789 2019-04-20 20:13:20 1.795543e-03 0.060594
autoencoders.py:401 INFO:   790 2019-04-20 20:13:20 1.795543e-03 0.059708
autoencoders.py:401 INFO:   791 2019-04-20 20:13:20 1.782532e-03 0.059633
autoencoders.py:401 INFO:   792 2019-04-20 20:13:21 1.782532e-03 0.059708
autoencoders.py:401 INFO:   793 2019-04-20 20:13:21 1.782532e-03 0.059708
autoencoders.py:401 INFO:   794 2019-04-20 20:13:21 1.782533e-03 0.059609
autoencoders.py:401 INFO:   795 2019-04-20 20:13:22 1.782533e-03 0.059708
autoencoders.py:401 INFO:   796 2019-04-20 20:13:22 1.782533e-03 0.059708
autoencoders.py:401 INFO:   797 2019-04-20 20:13:22 1.782532e-03 0.059708
autoencoders.py:401 INFO:   798 2019-04-20 20:13:22 1.782532e-03 0.059708
autoencoders.py:401 INFO:   799 2019-04-20 20:13:22 1.782531e-03 0.059708
autoencoders.py:401 INFO:   800 2019-04-20 20:13:23 1.782532e-03 0.059708
autoencoders.py:401 INFO:   801 2019-04-20 20:13:23 1.782532e-03 0.059708
autoencoders.py:401 INFO:   802 2019-04-20 20:13:23 1.782531e-03 0.059708
autoencoders.py:401 INFO:   803 2019-04-20 20:13:23 1.782532e-03 0.059708
autoencoders.py:401 INFO:   804 2019-04-20 20:13:24 1.782532e-03 0.059708
autoencoders.py:401 INFO:   805 2019-04-20 20:13:24 1.782532e-03 0.059708
autoencoders.py:401 INFO:   806 2019-04-20 20:13:24 1.782532e-03 0.059704
autoencoders.py:401 INFO:   807 2019-04-20 20:13:24 1.782532e-03 0.059708
autoencoders.py:401 INFO:   808 2019-04-20 20:13:25 1.782532e-03 0.059708
autoencoders.py:401 INFO:   809 2019-04-20 20:13:25 1.782532e-03 0.059708
autoencoders.py:401 INFO:   810 2019-04-20 20:13:25 1.782532e-03 0.059519
autoencoders.py:401 INFO:   811 2019-04-20 20:13:25 1.771244e-03 0.058948
autoencoders.py:401 INFO:   812 2019-04-20 20:13:25 1.737407e-03 0.058656
autoencoders.py:401 INFO:   813 2019-04-20 20:13:26 1.720264e-03 0.058628
autoencoders.py:401 INFO:   814 2019-04-20 20:13:26 1.720264e-03 0.058656
autoencoders.py:401 INFO:   815 2019-04-20 20:13:26 1.720264e-03 0.058656
autoencoders.py:401 INFO:   816 2019-04-20 20:13:26 1.720264e-03 0.058656
autoencoders.py:401 INFO:   817 2019-04-20 20:13:27 1.720265e-03 0.058656
autoencoders.py:401 INFO:   818 2019-04-20 20:13:27 1.720265e-03 0.058656
autoencoders.py:401 INFO:   819 2019-04-20 20:13:27 1.720264e-03 0.057525
autoencoders.py:401 INFO:   820 2019-04-20 20:13:27 1.654553e-03 0.057525
autoencoders.py:401 INFO:   821 2019-04-20 20:13:28 1.654554e-03 0.057525
autoencoders.py:401 INFO:   822 2019-04-20 20:13:28 1.654553e-03 0.057525
autoencoders.py:401 INFO:   823 2019-04-20 20:13:28 1.654553e-03 0.057525
autoencoders.py:401 INFO:   824 2019-04-20 20:13:28 1.654553e-03 0.057518
autoencoders.py:401 INFO:   825 2019-04-20 20:13:28 1.654553e-03 0.057525
autoencoders.py:401 INFO:   826 2019-04-20 20:13:29 1.654552e-03 0.057525
autoencoders.py:401 INFO:   827 2019-04-20 20:13:29 1.654553e-03 0.057525
autoencoders.py:401 INFO:   828 2019-04-20 20:13:29 1.654552e-03 0.057525
autoencoders.py:401 INFO:   829 2019-04-20 20:13:29 1.654552e-03 0.057525
autoencoders.py:401 INFO:   830 2019-04-20 20:13:30 1.654551e-03 0.057525
autoencoders.py:401 INFO:   831 2019-04-20 20:13:30 1.654551e-03 0.057525
autoencoders.py:401 INFO:   832 2019-04-20 20:13:30 1.654550e-03 0.057525
autoencoders.py:401 INFO:   833 2019-04-20 20:13:30 1.654550e-03 0.057525
autoencoders.py:401 INFO:   834 2019-04-20 20:13:31 1.654550e-03 0.057525
autoencoders.py:401 INFO:   835 2019-04-20 20:13:31 1.654549e-03 0.057525
autoencoders.py:401 INFO:   836 2019-04-20 20:13:31 1.654550e-03 0.057525
autoencoders.py:401 INFO:   837 2019-04-20 20:13:31 1.654550e-03 0.057525
autoencoders.py:401 INFO:   838 2019-04-20 20:13:31 1.654549e-03 0.057520
autoencoders.py:401 INFO:   839 2019-04-20 20:13:32 1.654550e-03 0.057518
autoencoders.py:401 INFO:   840 2019-04-20 20:13:32 1.654549e-03 0.057525
autoencoders.py:401 INFO:   841 2019-04-20 20:13:32 1.654549e-03 0.057311
autoencoders.py:401 INFO:   842 2019-04-20 20:13:32 1.642257e-03 0.057311
autoencoders.py:401 INFO:   843 2019-04-20 20:13:33 1.642257e-03 0.057311
autoencoders.py:401 INFO:   844 2019-04-20 20:13:33 1.642256e-03 0.057311
autoencoders.py:401 INFO:   845 2019-04-20 20:13:33 1.642257e-03 0.057311
autoencoders.py:401 INFO:   846 2019-04-20 20:13:33 1.642257e-03 0.057311
autoencoders.py:401 INFO:   847 2019-04-20 20:13:34 1.642256e-03 0.057311
autoencoders.py:401 INFO:   848 2019-04-20 20:13:34 1.642256e-03 0.057311
autoencoders.py:401 INFO:   849 2019-04-20 20:13:34 1.642256e-03 0.057311
autoencoders.py:401 INFO:   850 2019-04-20 20:13:34 1.642256e-03 0.057311
autoencoders.py:401 INFO:   851 2019-04-20 20:13:34 1.642256e-03 0.057311
autoencoders.py:401 INFO:   852 2019-04-20 20:13:35 1.642256e-03 0.057311
autoencoders.py:401 INFO:   853 2019-04-20 20:13:35 1.642256e-03 0.057311
autoencoders.py:401 INFO:   854 2019-04-20 20:13:35 1.642257e-03 0.057311
autoencoders.py:401 INFO:   855 2019-04-20 20:13:35 1.642257e-03 0.057311
autoencoders.py:401 INFO:   856 2019-04-20 20:13:35 1.642257e-03 0.057311
autoencoders.py:401 INFO:   857 2019-04-20 20:13:36 1.642257e-03 0.057311
autoencoders.py:401 INFO:   858 2019-04-20 20:13:36 1.642257e-03 0.057311
autoencoders.py:401 INFO:   859 2019-04-20 20:13:36 1.642257e-03 0.057311
autoencoders.py:401 INFO:   860 2019-04-20 20:13:36 1.642257e-03 0.057311
autoencoders.py:401 INFO:   861 2019-04-20 20:13:37 1.642256e-03 0.056854
autoencoders.py:401 INFO:   862 2019-04-20 20:13:37 1.616174e-03 0.056845
autoencoders.py:401 INFO:   863 2019-04-20 20:13:37 1.616173e-03 0.056770
autoencoders.py:401 INFO:   864 2019-04-20 20:13:37 1.616174e-03 0.056787
autoencoders.py:401 INFO:   865 2019-04-20 20:13:37 1.616174e-03 0.056854
autoencoders.py:401 INFO:   866 2019-04-20 20:13:38 1.616173e-03 0.056854
autoencoders.py:401 INFO:   867 2019-04-20 20:13:38 1.616173e-03 0.056854
autoencoders.py:401 INFO:   868 2019-04-20 20:13:39 1.616174e-03 0.056854
autoencoders.py:401 INFO:   869 2019-04-20 20:13:39 1.616174e-03 0.056854
autoencoders.py:401 INFO:   870 2019-04-20 20:13:39 1.616174e-03 0.056854
autoencoders.py:401 INFO:   871 2019-04-20 20:13:39 1.616173e-03 0.056854
autoencoders.py:401 INFO:   872 2019-04-20 20:13:39 1.616173e-03 0.056854
autoencoders.py:401 INFO:   873 2019-04-20 20:13:40 1.616174e-03 0.056854
autoencoders.py:401 INFO:   874 2019-04-20 20:13:40 1.616174e-03 0.056854
autoencoders.py:401 INFO:   875 2019-04-20 20:13:40 1.616174e-03 0.056854
autoencoders.py:401 INFO:   876 2019-04-20 20:13:40 1.616174e-03 0.056854
autoencoders.py:401 INFO:   877 2019-04-20 20:13:41 1.616173e-03 0.056854
autoencoders.py:401 INFO:   878 2019-04-20 20:13:41 1.616173e-03 0.056854
autoencoders.py:401 INFO:   879 2019-04-20 20:13:41 1.616173e-03 0.056854
autoencoders.py:401 INFO:   880 2019-04-20 20:13:41 1.616174e-03 0.056854
autoencoders.py:401 INFO:   881 2019-04-20 20:13:41 1.616173e-03 0.055913
autoencoders.py:401 INFO:   882 2019-04-20 20:13:42 1.563115e-03 0.055913
autoencoders.py:401 INFO:   883 2019-04-20 20:13:42 1.563115e-03 0.057072
autoencoders.py:401 INFO:   884 2019-04-20 20:13:42 1.563116e-03 0.055913
autoencoders.py:401 INFO:   885 2019-04-20 20:13:42 1.563116e-03 0.055913
autoencoders.py:401 INFO:   886 2019-04-20 20:13:42 1.563116e-03 0.055913
autoencoders.py:401 INFO:   887 2019-04-20 20:13:43 1.563116e-03 0.055085
autoencoders.py:401 INFO:   888 2019-04-20 20:13:43 1.517168e-03 0.055067
autoencoders.py:401 INFO:   889 2019-04-20 20:13:43 1.517168e-03 0.055080
autoencoders.py:401 INFO:   890 2019-04-20 20:13:43 1.517168e-03 0.055085
autoencoders.py:401 INFO:   891 2019-04-20 20:13:44 1.517168e-03 0.055085
autoencoders.py:401 INFO:   892 2019-04-20 20:13:44 1.517168e-03 0.055085
autoencoders.py:401 INFO:   893 2019-04-20 20:13:44 1.517167e-03 0.055085
autoencoders.py:401 INFO:   894 2019-04-20 20:13:44 1.517167e-03 0.055085
autoencoders.py:401 INFO:   895 2019-04-20 20:13:45 1.517167e-03 0.055085
autoencoders.py:401 INFO:   896 2019-04-20 20:13:45 1.517168e-03 0.055085
autoencoders.py:401 INFO:   897 2019-04-20 20:13:45 1.517167e-03 0.055078
autoencoders.py:401 INFO:   898 2019-04-20 20:13:45 1.517168e-03 0.055085
autoencoders.py:401 INFO:   899 2019-04-20 20:13:46 1.517167e-03 0.055080
autoencoders.py:401 INFO:   900 2019-04-20 20:13:46 1.517168e-03 0.055085
autoencoders.py:401 INFO:   901 2019-04-20 20:13:46 1.517167e-03 0.055085
autoencoders.py:401 INFO:   902 2019-04-20 20:13:47 1.517167e-03 0.055085
autoencoders.py:401 INFO:   903 2019-04-20 20:13:47 1.517167e-03 0.055085
autoencoders.py:401 INFO:   904 2019-04-20 20:13:47 1.517167e-03 0.055080
autoencoders.py:401 INFO:   905 2019-04-20 20:13:48 1.517167e-03 0.055085
autoencoders.py:401 INFO:   906 2019-04-20 20:13:48 1.517166e-03 0.055085
autoencoders.py:401 INFO:   907 2019-04-20 20:13:48 1.517167e-03 0.055085
autoencoders.py:401 INFO:   908 2019-04-20 20:13:48 1.517166e-03 0.055085
autoencoders.py:401 INFO:   909 2019-04-20 20:13:48 1.517166e-03 0.055085
autoencoders.py:401 INFO:   910 2019-04-20 20:13:48 1.517166e-03 0.055081
autoencoders.py:401 INFO:   911 2019-04-20 20:13:49 1.517166e-03 0.055085
autoencoders.py:401 INFO:   912 2019-04-20 20:13:49 1.517166e-03 0.055080
autoencoders.py:401 INFO:   913 2019-04-20 20:13:49 1.517165e-03 0.055085
autoencoders.py:401 INFO:   914 2019-04-20 20:13:49 1.517164e-03 0.055085
autoencoders.py:401 INFO:   915 2019-04-20 20:13:50 1.517165e-03 0.055081
autoencoders.py:401 INFO:   916 2019-04-20 20:13:50 1.517165e-03 0.055085
autoencoders.py:401 INFO:   917 2019-04-20 20:13:50 1.517164e-03 0.055085
autoencoders.py:401 INFO:   918 2019-04-20 20:13:51 1.517164e-03 0.055085
autoencoders.py:401 INFO:   919 2019-04-20 20:13:51 1.517163e-03 0.055085
autoencoders.py:401 INFO:   920 2019-04-20 20:13:51 1.517163e-03 0.055085
autoencoders.py:401 INFO:   921 2019-04-20 20:13:51 1.517164e-03 0.055085
autoencoders.py:401 INFO:   922 2019-04-20 20:13:52 1.517163e-03 0.055066
autoencoders.py:401 INFO:   923 2019-04-20 20:13:52 1.517163e-03 0.055085
autoencoders.py:401 INFO:   924 2019-04-20 20:13:52 1.517163e-03 0.055085
autoencoders.py:401 INFO:   925 2019-04-20 20:13:52 1.517163e-03 0.055085
autoencoders.py:401 INFO:   926 2019-04-20 20:13:53 1.517163e-03 0.055085
autoencoders.py:401 INFO:   927 2019-04-20 20:13:53 1.517163e-03 0.055085
autoencoders.py:401 INFO:   928 2019-04-20 20:13:53 1.517163e-03 0.055085
autoencoders.py:401 INFO:   929 2019-04-20 20:13:53 1.517163e-03 0.055085
autoencoders.py:401 INFO:   930 2019-04-20 20:13:54 1.517162e-03 0.055085
autoencoders.py:401 INFO:   931 2019-04-20 20:13:54 1.517162e-03 0.055085
autoencoders.py:401 INFO:   932 2019-04-20 20:13:54 1.517163e-03 0.054146
autoencoders.py:401 INFO:   933 2019-04-20 20:13:54 1.465876e-03 0.054031
autoencoders.py:401 INFO:   934 2019-04-20 20:13:54 1.459674e-03 0.053394
autoencoders.py:401 INFO:   935 2019-04-20 20:13:55 1.425436e-03 0.053391
autoencoders.py:401 INFO:   936 2019-04-20 20:13:55 1.425437e-03 0.053391
autoencoders.py:401 INFO:   937 2019-04-20 20:13:55 1.425437e-03 0.053394
autoencoders.py:401 INFO:   938 2019-04-20 20:13:55 1.425437e-03 0.053371
autoencoders.py:401 INFO:   939 2019-04-20 20:13:56 1.425437e-03 0.053382
autoencoders.py:401 INFO:   940 2019-04-20 20:13:56 1.425437e-03 0.053394
autoencoders.py:401 INFO:   941 2019-04-20 20:13:56 1.425437e-03 0.053394
autoencoders.py:401 INFO:   942 2019-04-20 20:13:56 1.425437e-03 0.053394
autoencoders.py:401 INFO:   943 2019-04-20 20:13:57 1.425437e-03 0.053394
autoencoders.py:401 INFO:   944 2019-04-20 20:13:57 1.425437e-03 0.053394
autoencoders.py:401 INFO:   945 2019-04-20 20:13:57 1.425437e-03 0.053394
autoencoders.py:401 INFO:   946 2019-04-20 20:13:57 1.425437e-03 0.053394
autoencoders.py:401 INFO:   947 2019-04-20 20:13:58 1.425437e-03 0.053394
autoencoders.py:401 INFO:   948 2019-04-20 20:13:58 1.425437e-03 0.053394
autoencoders.py:401 INFO:   949 2019-04-20 20:13:58 1.425437e-03 0.053394
autoencoders.py:401 INFO:   950 2019-04-20 20:13:58 1.425437e-03 0.053394
autoencoders.py:401 INFO:   951 2019-04-20 20:13:59 1.425437e-03 0.053394
autoencoders.py:401 INFO:   952 2019-04-20 20:13:59 1.425437e-03 0.053382
autoencoders.py:401 INFO:   953 2019-04-20 20:13:59 1.425436e-03 0.053394
autoencoders.py:401 INFO:   954 2019-04-20 20:13:59 1.425437e-03 0.053394
autoencoders.py:401 INFO:   955 2019-04-20 20:13:59 1.425436e-03 0.053389
autoencoders.py:401 INFO:   956 2019-04-20 20:14:00 1.425436e-03 0.053394
autoencoders.py:401 INFO:   957 2019-04-20 20:14:00 1.425436e-03 0.053394
autoencoders.py:401 INFO:   958 2019-04-20 20:14:00 1.425436e-03 0.053067
autoencoders.py:401 INFO:   959 2019-04-20 20:14:00 1.408049e-03 0.052700
autoencoders.py:401 INFO:   960 2019-04-20 20:14:00 1.388670e-03 0.052694
autoencoders.py:401 INFO:   961 2019-04-20 20:14:01 1.388670e-03 0.052144
autoencoders.py:401 INFO:   962 2019-04-20 20:14:01 1.359524e-03 0.052144
autoencoders.py:401 INFO:   963 2019-04-20 20:14:01 1.359524e-03 0.052144
autoencoders.py:401 INFO:   964 2019-04-20 20:14:02 1.359524e-03 0.052144
autoencoders.py:401 INFO:   965 2019-04-20 20:14:02 1.359523e-03 0.052144
autoencoders.py:401 INFO:   966 2019-04-20 20:14:02 1.359523e-03 0.052144
autoencoders.py:401 INFO:   967 2019-04-20 20:14:02 1.359523e-03 0.052144
autoencoders.py:401 INFO:   968 2019-04-20 20:14:03 1.359523e-03 0.052144
autoencoders.py:401 INFO:   969 2019-04-20 20:14:03 1.359523e-03 0.052144
autoencoders.py:401 INFO:   970 2019-04-20 20:14:03 1.359523e-03 0.052144
autoencoders.py:401 INFO:   971 2019-04-20 20:14:03 1.359523e-03 0.052139
autoencoders.py:401 INFO:   972 2019-04-20 20:14:04 1.359522e-03 0.052144
autoencoders.py:401 INFO:   973 2019-04-20 20:14:04 1.359522e-03 0.052144
autoencoders.py:401 INFO:   974 2019-04-20 20:14:04 1.359523e-03 0.052144
autoencoders.py:401 INFO:   975 2019-04-20 20:14:04 1.359522e-03 0.052144
autoencoders.py:401 INFO:   976 2019-04-20 20:14:05 1.359522e-03 0.052144
autoencoders.py:401 INFO:   977 2019-04-20 20:14:05 1.359522e-03 0.052144
autoencoders.py:401 INFO:   978 2019-04-20 20:14:05 1.359522e-03 0.052144
autoencoders.py:401 INFO:   979 2019-04-20 20:14:05 1.359522e-03 0.052144
autoencoders.py:401 INFO:   980 2019-04-20 20:14:06 1.359521e-03 0.052144
autoencoders.py:401 INFO:   981 2019-04-20 20:14:06 1.359521e-03 0.052144
autoencoders.py:401 INFO:   982 2019-04-20 20:14:06 1.359522e-03 0.052144
autoencoders.py:401 INFO:   983 2019-04-20 20:14:06 1.359521e-03 0.052144
autoencoders.py:401 INFO:   984 2019-04-20 20:14:07 1.359521e-03 0.052144
autoencoders.py:401 INFO:   985 2019-04-20 20:14:07 1.359521e-03 0.052134
autoencoders.py:401 INFO:   986 2019-04-20 20:14:07 1.359521e-03 0.052122
autoencoders.py:401 INFO:   987 2019-04-20 20:14:08 1.359520e-03 0.052139
autoencoders.py:401 INFO:   988 2019-04-20 20:14:08 1.359521e-03 0.052144
autoencoders.py:401 INFO:   989 2019-04-20 20:14:08 1.359520e-03 0.052144
autoencoders.py:401 INFO:   990 2019-04-20 20:14:09 1.359520e-03 0.052144
autoencoders.py:401 INFO:   991 2019-04-20 20:14:09 1.359520e-03 0.052144
autoencoders.py:401 INFO:   992 2019-04-20 20:14:09 1.359520e-03 0.052144
autoencoders.py:401 INFO:   993 2019-04-20 20:14:10 1.359520e-03 0.052144
autoencoders.py:401 INFO:   994 2019-04-20 20:14:10 1.359519e-03 0.052144
autoencoders.py:401 INFO:   995 2019-04-20 20:14:10 1.359519e-03 0.052139
autoencoders.py:401 INFO:   996 2019-04-20 20:14:10 1.359519e-03 0.052128
autoencoders.py:401 INFO:   997 2019-04-20 20:14:11 1.359519e-03 0.052144
autoencoders.py:401 INFO:   998 2019-04-20 20:14:11 1.359519e-03 0.052144
autoencoders.py:401 INFO:   999 2019-04-20 20:14:11 1.359518e-03 0.052144
autoencoders.py:401 INFO:  1000 2019-04-20 20:14:11 1.359519e-03 0.052144
autoencoders.py:401 INFO:  1001 2019-04-20 20:14:12 1.359519e-03 0.052140
autoencoders.py:401 INFO:  1002 2019-04-20 20:14:12 1.359518e-03 0.052144
autoencoders.py:401 INFO:  1003 2019-04-20 20:14:12 1.359518e-03 0.052144
autoencoders.py:401 INFO:  1004 2019-04-20 20:14:12 1.359518e-03 0.052144
autoencoders.py:401 INFO:  1005 2019-04-20 20:14:13 1.359518e-03 0.052144
autoencoders.py:401 INFO:  1006 2019-04-20 20:14:13 1.359518e-03 0.051780
autoencoders.py:401 INFO:  1007 2019-04-20 20:14:13 1.340600e-03 0.051300
autoencoders.py:401 INFO:  1008 2019-04-20 20:14:13 1.315856e-03 0.051239
autoencoders.py:401 INFO:  1009 2019-04-20 20:14:13 1.315857e-03 0.051300
autoencoders.py:401 INFO:  1010 2019-04-20 20:14:14 1.315857e-03 0.051300
autoencoders.py:401 INFO:  1011 2019-04-20 20:14:14 1.315857e-03 0.051300
autoencoders.py:401 INFO:  1012 2019-04-20 20:14:14 1.315857e-03 0.051300
autoencoders.py:401 INFO:  1013 2019-04-20 20:14:14 1.315857e-03 0.051300
autoencoders.py:401 INFO:  1014 2019-04-20 20:14:14 1.315856e-03 0.051300
autoencoders.py:401 INFO:  1015 2019-04-20 20:14:15 1.315857e-03 0.051300
autoencoders.py:401 INFO:  1016 2019-04-20 20:14:15 1.315857e-03 0.051300
autoencoders.py:401 INFO:  1017 2019-04-20 20:14:15 1.315857e-03 0.051300
autoencoders.py:401 INFO:  1018 2019-04-20 20:14:16 1.315857e-03 0.051300
autoencoders.py:401 INFO:  1019 2019-04-20 20:14:16 1.315857e-03 0.051300
autoencoders.py:401 INFO:  1020 2019-04-20 20:14:16 1.315857e-03 0.051300
autoencoders.py:401 INFO:  1021 2019-04-20 20:14:16 1.315857e-03 0.051300
autoencoders.py:401 INFO:  1022 2019-04-20 20:14:17 1.315857e-03 0.051300
autoencoders.py:401 INFO:  1023 2019-04-20 20:14:17 1.315857e-03 0.051122
autoencoders.py:401 INFO:  1024 2019-04-20 20:14:17 1.315857e-03 0.051297
autoencoders.py:401 INFO:  1025 2019-04-20 20:14:18 1.315857e-03 0.051300
autoencoders.py:401 INFO:  1026 2019-04-20 20:14:18 1.315857e-03 0.051300
autoencoders.py:401 INFO:  1027 2019-04-20 20:14:18 1.315857e-03 0.051300
autoencoders.py:401 INFO:  1028 2019-04-20 20:14:18 1.315857e-03 0.051300
autoencoders.py:401 INFO:  1029 2019-04-20 20:14:19 1.315857e-03 0.051300
autoencoders.py:401 INFO:  1030 2019-04-20 20:14:19 1.315857e-03 0.051300
autoencoders.py:401 INFO:  1031 2019-04-20 20:14:19 1.315857e-03 0.051300
autoencoders.py:401 INFO:  1032 2019-04-20 20:14:19 1.315857e-03 0.050304
autoencoders.py:401 INFO:  1033 2019-04-20 20:14:19 1.265261e-03 0.050237
autoencoders.py:401 INFO:  1034 2019-04-20 20:14:20 1.265261e-03 0.050253
autoencoders.py:401 INFO:  1035 2019-04-20 20:14:20 1.265261e-03 0.050304
autoencoders.py:401 INFO:  1036 2019-04-20 20:14:20 1.265261e-03 0.050304
autoencoders.py:401 INFO:  1037 2019-04-20 20:14:20 1.265261e-03 0.050304
autoencoders.py:401 INFO:  1038 2019-04-20 20:14:21 1.265261e-03 0.050304
autoencoders.py:401 INFO:  1039 2019-04-20 20:14:21 1.265261e-03 0.050304
autoencoders.py:401 INFO:  1040 2019-04-20 20:14:21 1.265261e-03 0.050304
autoencoders.py:401 INFO:  1041 2019-04-20 20:14:22 1.265261e-03 0.050304
autoencoders.py:401 INFO:  1042 2019-04-20 20:14:22 1.265261e-03 0.050304
autoencoders.py:401 INFO:  1043 2019-04-20 20:14:22 1.265262e-03 0.050304
autoencoders.py:401 INFO:  1044 2019-04-20 20:14:23 1.265261e-03 0.050304
autoencoders.py:401 INFO:  1045 2019-04-20 20:14:23 1.265261e-03 0.050304
autoencoders.py:401 INFO:  1046 2019-04-20 20:14:23 1.265261e-03 0.050304
autoencoders.py:401 INFO:  1047 2019-04-20 20:14:23 1.265261e-03 0.050304
autoencoders.py:401 INFO:  1048 2019-04-20 20:14:24 1.265261e-03 0.050304
autoencoders.py:401 INFO:  1049 2019-04-20 20:14:24 1.265261e-03 0.050304
autoencoders.py:401 INFO:  1050 2019-04-20 20:14:24 1.265260e-03 0.050304
autoencoders.py:401 INFO:  1051 2019-04-20 20:14:25 1.265261e-03 0.050304
autoencoders.py:401 INFO:  1052 2019-04-20 20:14:25 1.265261e-03 0.050304
autoencoders.py:401 INFO:  1053 2019-04-20 20:14:25 1.265261e-03 0.050304
autoencoders.py:401 INFO:  1054 2019-04-20 20:14:25 1.265261e-03 0.050304
autoencoders.py:401 INFO:  1055 2019-04-20 20:14:25 1.265262e-03 0.050304
autoencoders.py:401 INFO:  1056 2019-04-20 20:14:26 1.265261e-03 0.049925
autoencoders.py:413 INFO:Training finished in 0 hours 4 minutes 29.01 seconds.
