
===============================================================================

                           _   ___      _
                          | | /   |    | |
                 _ __ ___ | |/ /| | ___| |__   ___ _ __ ___
                | '_ ` _ \| / /_| |/ __| '_ \ / _ \ '_ ` _ \
                | | | | | | \___  | (__| | | |  __/ | | | | |
                |_| |_| |_|_|   |_/\___|_| |_|\___|_| |_| |_|


ML4Chem is Machine Learning for Chemistry and Materials. This package is
written in Python 3, and intends to offer modern and rich features to perform
machine learning workflows for chemical physics.

This project is directed by Muammar El Khatib.


Contributors (in alphabetic order):
-----------------------------------
    Elijah Gardella     : Interatomic potentials for ionic systems.
    Jacklyn Gee         : Gaussian features class improvements, and cjson
                          reader.

===============================================================================


Data
====
Module accessed on 2020-03-07 12:33:03.
Data structure is not compatible with ML4Chem.
Preparing images for inference...
Images hashed and processed...

 
Featurization
=============
Module accessed on 2020-03-07 12:33:03.
Getting unique element symbols for inference
Unique chemical elements: ['Cu']
Using parameters from file to create symmetry functions...

Number of features per chemical element:
    - Cu: 8.
 
Symmetry function parameters for Cu atom:
-----------------------------------------
  #      Symbol    Type Parameters
  0   Cu            G2  eta: 0.0500
  1   Cu            G2  eta: 0.2321
  2   Cu            G2  eta: 1.0772
  3   Cu            G2  eta: 5.0000
  4   Cu, Cu        G3  eta: 0.0050 gamma:  1.0000 zeta: 1.0000
  5   Cu, Cu        G3  eta: 0.0050 gamma: -1.0000 zeta: 1.0000
  6   Cu, Cu        G3  eta: 0.0050 gamma:  1.0000 zeta: 4.0000
  7   Cu, Cu        G3  eta: 0.0050 gamma: -1.0000 zeta: 4.0000


Data preprocessing
------------------
Preprocessor loaded from file : cu_training.scaler.
 

Embarrassingly parallel computation of atomic features...
... finished in 0 hours 0 minutes 0.22 seconds.

Converting features to dask array...
Shape of array is (4, 8) and chunks ((4,), (8,)).
Stacking features using atoms index map...
Featurization finished in 0 hours 0 minutes 1.25 seconds.
Computing energy...
    The calculations are distributed in 1 batches of 0 atoms.
        Computing kernel functions for chunk 0...
          ...finished in 0 hours 0 minutes 0.13 seconds.
Kernel matrix built in 0 hours 0 minutes 0.13 seconds.

Data
====
Module accessed on 2020-03-07 12:33:04.
Data structure is not compatible with ML4Chem.
Preparing images for inference...
Images hashed and processed...

 
Featurization
=============
Module accessed on 2020-03-07 12:33:04.
Getting unique element symbols for inference
Unique chemical elements: ['Cu']
Using parameters from file to create symmetry functions...

Number of features per chemical element:
    - Cu: 8.
 
Symmetry function parameters for Cu atom:
-----------------------------------------
  #      Symbol    Type Parameters
  0   Cu            G2  eta: 0.0500
  1   Cu            G2  eta: 0.2321
  2   Cu            G2  eta: 1.0772
  3   Cu            G2  eta: 5.0000
  4   Cu, Cu        G3  eta: 0.0050 gamma:  1.0000 zeta: 1.0000
  5   Cu, Cu        G3  eta: 0.0050 gamma: -1.0000 zeta: 1.0000
  6   Cu, Cu        G3  eta: 0.0050 gamma:  1.0000 zeta: 4.0000
  7   Cu, Cu        G3  eta: 0.0050 gamma: -1.0000 zeta: 4.0000


Data preprocessing
------------------
Preprocessor loaded from file : cu_training.scaler.
 

Embarrassingly parallel computation of atomic features...
... finished in 0 hours 0 minutes 0.17 seconds.

Converting features to dask array...
Shape of array is (4, 8) and chunks ((4,), (8,)).
Stacking features using atoms index map...
Featurization finished in 0 hours 0 minutes 0.91 seconds.
Computing energy...
    The calculations are distributed in 1 batches of 0 atoms.
        Computing kernel functions for chunk 0...
          ...finished in 0 hours 0 minutes 0.11 seconds.
Kernel matrix built in 0 hours 0 minutes 0.11 seconds.

Data
====
Module accessed on 2020-03-07 12:33:05.
Data structure is not compatible with ML4Chem.
Preparing images for inference...
Images hashed and processed...

 
Featurization
=============
Module accessed on 2020-03-07 12:33:05.
Getting unique element symbols for inference
Unique chemical elements: ['Cu']
Using parameters from file to create symmetry functions...

Number of features per chemical element:
    - Cu: 8.
 
Symmetry function parameters for Cu atom:
-----------------------------------------
  #      Symbol    Type Parameters
  0   Cu            G2  eta: 0.0500
  1   Cu            G2  eta: 0.2321
  2   Cu            G2  eta: 1.0772
  3   Cu            G2  eta: 5.0000
  4   Cu, Cu        G3  eta: 0.0050 gamma:  1.0000 zeta: 1.0000
  5   Cu, Cu        G3  eta: 0.0050 gamma: -1.0000 zeta: 1.0000
  6   Cu, Cu        G3  eta: 0.0050 gamma:  1.0000 zeta: 4.0000
  7   Cu, Cu        G3  eta: 0.0050 gamma: -1.0000 zeta: 4.0000


Data preprocessing
------------------
Preprocessor loaded from file : cu_training.scaler.
 

Embarrassingly parallel computation of atomic features...
... finished in 0 hours 0 minutes 0.17 seconds.

Converting features to dask array...
Shape of array is (4, 8) and chunks ((4,), (8,)).
Stacking features using atoms index map...
Featurization finished in 0 hours 0 minutes 1.24 seconds.
Computing energy...
    The calculations are distributed in 1 batches of 0 atoms.
        Computing kernel functions for chunk 0...
          ...finished in 0 hours 0 minutes 0.13 seconds.
Kernel matrix built in 0 hours 0 minutes 0.13 seconds.

Data
====
Module accessed on 2020-03-07 12:33:06.
Data structure is not compatible with ML4Chem.
Preparing images for inference...
Images hashed and processed...

 
Featurization
=============
Module accessed on 2020-03-07 12:33:06.
Getting unique element symbols for inference
Unique chemical elements: ['Cu']
Using parameters from file to create symmetry functions...

Number of features per chemical element:
    - Cu: 8.
 
Symmetry function parameters for Cu atom:
-----------------------------------------
  #      Symbol    Type Parameters
  0   Cu            G2  eta: 0.0500
  1   Cu            G2  eta: 0.2321
  2   Cu            G2  eta: 1.0772
  3   Cu            G2  eta: 5.0000
  4   Cu, Cu        G3  eta: 0.0050 gamma:  1.0000 zeta: 1.0000
  5   Cu, Cu        G3  eta: 0.0050 gamma: -1.0000 zeta: 1.0000
  6   Cu, Cu        G3  eta: 0.0050 gamma:  1.0000 zeta: 4.0000
  7   Cu, Cu        G3  eta: 0.0050 gamma: -1.0000 zeta: 4.0000


Data preprocessing
------------------
Preprocessor loaded from file : cu_training.scaler.
 

Embarrassingly parallel computation of atomic features...
... finished in 0 hours 0 minutes 0.14 seconds.

Converting features to dask array...
Shape of array is (4, 8) and chunks ((4,), (8,)).
Stacking features using atoms index map...
Featurization finished in 0 hours 0 minutes 0.82 seconds.
Computing energy...
    The calculations are distributed in 1 batches of 0 atoms.
        Computing kernel functions for chunk 0...
          ...finished in 0 hours 0 minutes 0.14 seconds.
Kernel matrix built in 0 hours 0 minutes 0.14 seconds.

Data
====
Module accessed on 2020-03-07 12:33:07.
Data structure is not compatible with ML4Chem.
Preparing images for inference...
Images hashed and processed...

 
Featurization
=============
Module accessed on 2020-03-07 12:33:07.
Getting unique element symbols for inference
Unique chemical elements: ['Cu']
Using parameters from file to create symmetry functions...

Number of features per chemical element:
    - Cu: 8.
 
Symmetry function parameters for Cu atom:
-----------------------------------------
  #      Symbol    Type Parameters
  0   Cu            G2  eta: 0.0500
  1   Cu            G2  eta: 0.2321
  2   Cu            G2  eta: 1.0772
  3   Cu            G2  eta: 5.0000
  4   Cu, Cu        G3  eta: 0.0050 gamma:  1.0000 zeta: 1.0000
  5   Cu, Cu        G3  eta: 0.0050 gamma: -1.0000 zeta: 1.0000
  6   Cu, Cu        G3  eta: 0.0050 gamma:  1.0000 zeta: 4.0000
  7   Cu, Cu        G3  eta: 0.0050 gamma: -1.0000 zeta: 4.0000


Data preprocessing
------------------
Preprocessor loaded from file : cu_training.scaler.
 

Embarrassingly parallel computation of atomic features...
... finished in 0 hours 0 minutes 0.13 seconds.

Converting features to dask array...
Shape of array is (4, 8) and chunks ((4,), (8,)).
Stacking features using atoms index map...
Featurization finished in 0 hours 0 minutes 0.84 seconds.
Computing energy...
    The calculations are distributed in 1 batches of 0 atoms.
        Computing kernel functions for chunk 0...
          ...finished in 0 hours 0 minutes 0.13 seconds.
Kernel matrix built in 0 hours 0 minutes 0.13 seconds.

Data
====
Module accessed on 2020-03-07 12:33:08.
Data structure is not compatible with ML4Chem.
Preparing images for inference...
Images hashed and processed...

 
Featurization
=============
Module accessed on 2020-03-07 12:33:08.
Getting unique element symbols for inference
Unique chemical elements: ['Cu']
Using parameters from file to create symmetry functions...

Number of features per chemical element:
    - Cu: 8.
 
Symmetry function parameters for Cu atom:
-----------------------------------------
  #      Symbol    Type Parameters
  0   Cu            G2  eta: 0.0500
  1   Cu            G2  eta: 0.2321
  2   Cu            G2  eta: 1.0772
  3   Cu            G2  eta: 5.0000
  4   Cu, Cu        G3  eta: 0.0050 gamma:  1.0000 zeta: 1.0000
  5   Cu, Cu        G3  eta: 0.0050 gamma: -1.0000 zeta: 1.0000
  6   Cu, Cu        G3  eta: 0.0050 gamma:  1.0000 zeta: 4.0000
  7   Cu, Cu        G3  eta: 0.0050 gamma: -1.0000 zeta: 4.0000


Data preprocessing
------------------
Preprocessor loaded from file : cu_training.scaler.
 

Embarrassingly parallel computation of atomic features...
... finished in 0 hours 0 minutes 0.12 seconds.

Converting features to dask array...
Shape of array is (4, 8) and chunks ((4,), (8,)).
Stacking features using atoms index map...
Featurization finished in 0 hours 0 minutes 1.15 seconds.
Computing energy...
    The calculations are distributed in 1 batches of 0 atoms.
        Computing kernel functions for chunk 0...
          ...finished in 0 hours 0 minutes 0.13 seconds.
Kernel matrix built in 0 hours 0 minutes 0.14 seconds.

Data
====
Module accessed on 2020-03-07 12:33:10.
Data structure is not compatible with ML4Chem.
Preparing images for inference...
Images hashed and processed...

 
Featurization
=============
Module accessed on 2020-03-07 12:33:10.
Getting unique element symbols for inference
Unique chemical elements: ['Cu']
Using parameters from file to create symmetry functions...

Number of features per chemical element:
    - Cu: 8.
 
Symmetry function parameters for Cu atom:
-----------------------------------------
  #      Symbol    Type Parameters
  0   Cu            G2  eta: 0.0500
  1   Cu            G2  eta: 0.2321
  2   Cu            G2  eta: 1.0772
  3   Cu            G2  eta: 5.0000
  4   Cu, Cu        G3  eta: 0.0050 gamma:  1.0000 zeta: 1.0000
  5   Cu, Cu        G3  eta: 0.0050 gamma: -1.0000 zeta: 1.0000
  6   Cu, Cu        G3  eta: 0.0050 gamma:  1.0000 zeta: 4.0000
  7   Cu, Cu        G3  eta: 0.0050 gamma: -1.0000 zeta: 4.0000


Data preprocessing
------------------
Preprocessor loaded from file : cu_training.scaler.
 

Embarrassingly parallel computation of atomic features...
... finished in 0 hours 0 minutes 0.14 seconds.

Converting features to dask array...
Shape of array is (4, 8) and chunks ((4,), (8,)).
Stacking features using atoms index map...
Featurization finished in 0 hours 0 minutes 0.85 seconds.
Computing energy...
    The calculations are distributed in 1 batches of 0 atoms.
        Computing kernel functions for chunk 0...
          ...finished in 0 hours 0 minutes 0.11 seconds.
Kernel matrix built in 0 hours 0 minutes 0.11 seconds.

Data
====
Module accessed on 2020-03-07 12:33:11.
Data structure is not compatible with ML4Chem.
Preparing images for inference...
Images hashed and processed...

 
Featurization
=============
Module accessed on 2020-03-07 12:33:11.
Getting unique element symbols for inference
Unique chemical elements: ['Cu']
Using parameters from file to create symmetry functions...

Number of features per chemical element:
    - Cu: 8.
 
Symmetry function parameters for Cu atom:
-----------------------------------------
  #      Symbol    Type Parameters
  0   Cu            G2  eta: 0.0500
  1   Cu            G2  eta: 0.2321
  2   Cu            G2  eta: 1.0772
  3   Cu            G2  eta: 5.0000
  4   Cu, Cu        G3  eta: 0.0050 gamma:  1.0000 zeta: 1.0000
  5   Cu, Cu        G3  eta: 0.0050 gamma: -1.0000 zeta: 1.0000
  6   Cu, Cu        G3  eta: 0.0050 gamma:  1.0000 zeta: 4.0000
  7   Cu, Cu        G3  eta: 0.0050 gamma: -1.0000 zeta: 4.0000


Data preprocessing
------------------
Preprocessor loaded from file : cu_training.scaler.
 

Embarrassingly parallel computation of atomic features...
... finished in 0 hours 0 minutes 0.15 seconds.

Converting features to dask array...
Shape of array is (4, 8) and chunks ((4,), (8,)).
Stacking features using atoms index map...
Featurization finished in 0 hours 0 minutes 0.81 seconds.
Computing energy...
    The calculations are distributed in 1 batches of 0 atoms.
        Computing kernel functions for chunk 0...
          ...finished in 0 hours 0 minutes 0.11 seconds.
Kernel matrix built in 0 hours 0 minutes 0.12 seconds.

Data
====
Module accessed on 2020-03-07 12:33:12.
Data structure is not compatible with ML4Chem.
Preparing images for inference...
Images hashed and processed...

 
Featurization
=============
Module accessed on 2020-03-07 12:33:12.
Getting unique element symbols for inference
Unique chemical elements: ['Cu']
Using parameters from file to create symmetry functions...

Number of features per chemical element:
    - Cu: 8.
 
Symmetry function parameters for Cu atom:
-----------------------------------------
  #      Symbol    Type Parameters
  0   Cu            G2  eta: 0.0500
  1   Cu            G2  eta: 0.2321
  2   Cu            G2  eta: 1.0772
  3   Cu            G2  eta: 5.0000
  4   Cu, Cu        G3  eta: 0.0050 gamma:  1.0000 zeta: 1.0000
  5   Cu, Cu        G3  eta: 0.0050 gamma: -1.0000 zeta: 1.0000
  6   Cu, Cu        G3  eta: 0.0050 gamma:  1.0000 zeta: 4.0000
  7   Cu, Cu        G3  eta: 0.0050 gamma: -1.0000 zeta: 4.0000


Data preprocessing
------------------
Preprocessor loaded from file : cu_training.scaler.
 

Embarrassingly parallel computation of atomic features...
... finished in 0 hours 0 minutes 0.16 seconds.

Converting features to dask array...
Shape of array is (4, 8) and chunks ((4,), (8,)).
Stacking features using atoms index map...
Featurization finished in 0 hours 0 minutes 0.83 seconds.
Computing energy...
    The calculations are distributed in 1 batches of 0 atoms.
        Computing kernel functions for chunk 0...
          ...finished in 0 hours 0 minutes 0.11 seconds.
Kernel matrix built in 0 hours 0 minutes 0.11 seconds.

Data
====
Module accessed on 2020-03-07 12:33:13.
Data structure is not compatible with ML4Chem.
Preparing images for inference...
Images hashed and processed...

 
Featurization
=============
Module accessed on 2020-03-07 12:33:13.
Getting unique element symbols for inference
Unique chemical elements: ['Cu']
Using parameters from file to create symmetry functions...

Number of features per chemical element:
    - Cu: 8.
 
Symmetry function parameters for Cu atom:
-----------------------------------------
  #      Symbol    Type Parameters
  0   Cu            G2  eta: 0.0500
  1   Cu            G2  eta: 0.2321
  2   Cu            G2  eta: 1.0772
  3   Cu            G2  eta: 5.0000
  4   Cu, Cu        G3  eta: 0.0050 gamma:  1.0000 zeta: 1.0000
  5   Cu, Cu        G3  eta: 0.0050 gamma: -1.0000 zeta: 1.0000
  6   Cu, Cu        G3  eta: 0.0050 gamma:  1.0000 zeta: 4.0000
  7   Cu, Cu        G3  eta: 0.0050 gamma: -1.0000 zeta: 4.0000


Data preprocessing
------------------
Preprocessor loaded from file : cu_training.scaler.
 

Embarrassingly parallel computation of atomic features...
... finished in 0 hours 0 minutes 0.16 seconds.

Converting features to dask array...
Shape of array is (4, 8) and chunks ((4,), (8,)).
Stacking features using atoms index map...
Featurization finished in 0 hours 0 minutes 1.20 seconds.
Computing energy...
    The calculations are distributed in 1 batches of 0 atoms.
        Computing kernel functions for chunk 0...
          ...finished in 0 hours 0 minutes 0.12 seconds.
Kernel matrix built in 0 hours 0 minutes 0.12 seconds.
