potentials.py:52 INFO:
-------------------------------------------------------------------------------
                _______        _______ _     _ _______ _______
                |  |  | |      |       |_____| |______ |  |  |
                |  |  | |_____ |_____  |     | |______ |  |  |



MLChem is Machine Learning for Chemistry. This package is written in Python 3,
and intends to offer modern and rich features to perform machine learning
workflows for chemical physics.

This software is developed by Muammar El Khatib.
-------------------------------------------------------------------------------

potentials.py:53 INFO:Available backends: ['torch', 'torchvision', 'numpy'].
handler.py:34 WARNING:Data structure is not compatible with MLChem
handler.py:56 INFO:Preparing images...
handler.py:87 INFO:Images hashed and processed...
gaussian.py:108 INFO: 
gaussian.py:109 INFO:Fingerprinting
gaussian.py:110 INFO:==============
gaussian.py:117 INFO:Getting unique element symbols for inference
gaussian.py:125 INFO:Unique chemical elements: ['Cu']
gaussian.py:543 WARNING:Making default symmetry functions
gaussian.py:611 INFO:Number of features per chemical element:
gaussian.py:613 INFO:    - Cu: 8.
gaussian.py:615 INFO: 
gaussian.py:616 INFO:Symmetry function parameters:
gaussian.py:617 INFO:-----------------------------
gaussian.py:619 INFO:  #      Symbol    Type Parameters
gaussian.py:640 INFO:  0   Cu            G2  eta: 0.0500
gaussian.py:640 INFO:  1   Cu            G2  eta: 0.2321
gaussian.py:640 INFO:  2   Cu            G2  eta: 1.0772
gaussian.py:640 INFO:  3   Cu            G2  eta: 5.0000
gaussian.py:640 INFO:  4   Cu, Cu        G3  eta: 0.0050 gamma:  1.0000 zeta: 1.0000
gaussian.py:640 INFO:  5   Cu, Cu        G3  eta: 0.0050 gamma: -1.0000 zeta: 1.0000
gaussian.py:640 INFO:  6   Cu, Cu        G3  eta: 0.0050 gamma:  1.0000 zeta: 4.0000
gaussian.py:640 INFO:  7   Cu, Cu        G3  eta: 0.0050 gamma: -1.0000 zeta: 4.0000
preprocessing.py:47 INFO: 
gaussian.py:138 INFO:
gaussian.py:139 INFO:Adding atomic fingerprint calculations to scheduler...
gaussian.py:167 INFO:... finished in 0 hours 0 minutes 0.70 seconds.
gaussian.py:170 INFO:
gaussian.py:171 INFO:Computing fingerprints...
gaussian.py:321 INFO:Fingerprinting finished in 0 hours 0 minutes 2.13 seconds.
potentials.py:277 INFO:Calculating energy
handler.py:34 WARNING:Data structure is not compatible with MLChem
handler.py:56 INFO:Preparing images...
handler.py:87 INFO:Images hashed and processed...
gaussian.py:108 INFO: 
gaussian.py:109 INFO:Fingerprinting
gaussian.py:110 INFO:==============
gaussian.py:117 INFO:Getting unique element symbols for inference
gaussian.py:125 INFO:Unique chemical elements: ['Cu']
gaussian.py:543 WARNING:Making default symmetry functions
gaussian.py:611 INFO:Number of features per chemical element:
gaussian.py:613 INFO:    - Cu: 8.
gaussian.py:615 INFO: 
gaussian.py:616 INFO:Symmetry function parameters:
gaussian.py:617 INFO:-----------------------------
gaussian.py:619 INFO:  #      Symbol    Type Parameters
gaussian.py:640 INFO:  0   Cu            G2  eta: 0.0500
gaussian.py:640 INFO:  1   Cu            G2  eta: 0.2321
gaussian.py:640 INFO:  2   Cu            G2  eta: 1.0772
gaussian.py:640 INFO:  3   Cu            G2  eta: 5.0000
gaussian.py:640 INFO:  4   Cu, Cu        G3  eta: 0.0050 gamma:  1.0000 zeta: 1.0000
gaussian.py:640 INFO:  5   Cu, Cu        G3  eta: 0.0050 gamma: -1.0000 zeta: 1.0000
gaussian.py:640 INFO:  6   Cu, Cu        G3  eta: 0.0050 gamma:  1.0000 zeta: 4.0000
gaussian.py:640 INFO:  7   Cu, Cu        G3  eta: 0.0050 gamma: -1.0000 zeta: 4.0000
preprocessing.py:47 INFO: 
gaussian.py:138 INFO:
gaussian.py:139 INFO:Adding atomic fingerprint calculations to scheduler...
gaussian.py:167 INFO:... finished in 0 hours 0 minutes 0.21 seconds.
gaussian.py:170 INFO:
gaussian.py:171 INFO:Computing fingerprints...
gaussian.py:321 INFO:Fingerprinting finished in 0 hours 0 minutes 2.48 seconds.
potentials.py:277 INFO:Calculating energy
handler.py:34 WARNING:Data structure is not compatible with MLChem
handler.py:56 INFO:Preparing images...
handler.py:87 INFO:Images hashed and processed...
gaussian.py:108 INFO: 
gaussian.py:109 INFO:Fingerprinting
gaussian.py:110 INFO:==============
gaussian.py:117 INFO:Getting unique element symbols for inference
gaussian.py:125 INFO:Unique chemical elements: ['Cu']
gaussian.py:543 WARNING:Making default symmetry functions
gaussian.py:611 INFO:Number of features per chemical element:
gaussian.py:613 INFO:    - Cu: 8.
gaussian.py:615 INFO: 
gaussian.py:616 INFO:Symmetry function parameters:
gaussian.py:617 INFO:-----------------------------
gaussian.py:619 INFO:  #      Symbol    Type Parameters
gaussian.py:640 INFO:  0   Cu            G2  eta: 0.0500
gaussian.py:640 INFO:  1   Cu            G2  eta: 0.2321
gaussian.py:640 INFO:  2   Cu            G2  eta: 1.0772
gaussian.py:640 INFO:  3   Cu            G2  eta: 5.0000
gaussian.py:640 INFO:  4   Cu, Cu        G3  eta: 0.0050 gamma:  1.0000 zeta: 1.0000
gaussian.py:640 INFO:  5   Cu, Cu        G3  eta: 0.0050 gamma: -1.0000 zeta: 1.0000
gaussian.py:640 INFO:  6   Cu, Cu        G3  eta: 0.0050 gamma:  1.0000 zeta: 4.0000
gaussian.py:640 INFO:  7   Cu, Cu        G3  eta: 0.0050 gamma: -1.0000 zeta: 4.0000
preprocessing.py:47 INFO: 
gaussian.py:138 INFO:
gaussian.py:139 INFO:Adding atomic fingerprint calculations to scheduler...
gaussian.py:167 INFO:... finished in 0 hours 0 minutes 0.15 seconds.
gaussian.py:170 INFO:
gaussian.py:171 INFO:Computing fingerprints...
gaussian.py:321 INFO:Fingerprinting finished in 0 hours 0 minutes 2.67 seconds.
potentials.py:277 INFO:Calculating energy
handler.py:34 WARNING:Data structure is not compatible with MLChem
handler.py:56 INFO:Preparing images...
handler.py:87 INFO:Images hashed and processed...
gaussian.py:108 INFO: 
gaussian.py:109 INFO:Fingerprinting
gaussian.py:110 INFO:==============
gaussian.py:117 INFO:Getting unique element symbols for inference
gaussian.py:125 INFO:Unique chemical elements: ['Cu']
gaussian.py:543 WARNING:Making default symmetry functions
gaussian.py:611 INFO:Number of features per chemical element:
gaussian.py:613 INFO:    - Cu: 8.
gaussian.py:615 INFO: 
gaussian.py:616 INFO:Symmetry function parameters:
gaussian.py:617 INFO:-----------------------------
gaussian.py:619 INFO:  #      Symbol    Type Parameters
gaussian.py:640 INFO:  0   Cu            G2  eta: 0.0500
gaussian.py:640 INFO:  1   Cu            G2  eta: 0.2321
gaussian.py:640 INFO:  2   Cu            G2  eta: 1.0772
gaussian.py:640 INFO:  3   Cu            G2  eta: 5.0000
gaussian.py:640 INFO:  4   Cu, Cu        G3  eta: 0.0050 gamma:  1.0000 zeta: 1.0000
gaussian.py:640 INFO:  5   Cu, Cu        G3  eta: 0.0050 gamma: -1.0000 zeta: 1.0000
gaussian.py:640 INFO:  6   Cu, Cu        G3  eta: 0.0050 gamma:  1.0000 zeta: 4.0000
gaussian.py:640 INFO:  7   Cu, Cu        G3  eta: 0.0050 gamma: -1.0000 zeta: 4.0000
preprocessing.py:47 INFO: 
gaussian.py:138 INFO:
gaussian.py:139 INFO:Adding atomic fingerprint calculations to scheduler...
gaussian.py:167 INFO:... finished in 0 hours 0 minutes 0.10 seconds.
gaussian.py:170 INFO:
gaussian.py:171 INFO:Computing fingerprints...
gaussian.py:321 INFO:Fingerprinting finished in 0 hours 0 minutes 0.80 seconds.
potentials.py:277 INFO:Calculating energy
handler.py:34 WARNING:Data structure is not compatible with MLChem
handler.py:56 INFO:Preparing images...
handler.py:87 INFO:Images hashed and processed...
gaussian.py:108 INFO: 
gaussian.py:109 INFO:Fingerprinting
gaussian.py:110 INFO:==============
gaussian.py:117 INFO:Getting unique element symbols for inference
gaussian.py:125 INFO:Unique chemical elements: ['Cu']
gaussian.py:543 WARNING:Making default symmetry functions
gaussian.py:611 INFO:Number of features per chemical element:
gaussian.py:613 INFO:    - Cu: 8.
gaussian.py:615 INFO: 
gaussian.py:616 INFO:Symmetry function parameters:
gaussian.py:617 INFO:-----------------------------
gaussian.py:619 INFO:  #      Symbol    Type Parameters
gaussian.py:640 INFO:  0   Cu            G2  eta: 0.0500
gaussian.py:640 INFO:  1   Cu            G2  eta: 0.2321
gaussian.py:640 INFO:  2   Cu            G2  eta: 1.0772
gaussian.py:640 INFO:  3   Cu            G2  eta: 5.0000
gaussian.py:640 INFO:  4   Cu, Cu        G3  eta: 0.0050 gamma:  1.0000 zeta: 1.0000
gaussian.py:640 INFO:  5   Cu, Cu        G3  eta: 0.0050 gamma: -1.0000 zeta: 1.0000
gaussian.py:640 INFO:  6   Cu, Cu        G3  eta: 0.0050 gamma:  1.0000 zeta: 4.0000
gaussian.py:640 INFO:  7   Cu, Cu        G3  eta: 0.0050 gamma: -1.0000 zeta: 4.0000
preprocessing.py:47 INFO: 
gaussian.py:138 INFO:
gaussian.py:139 INFO:Adding atomic fingerprint calculations to scheduler...
gaussian.py:167 INFO:... finished in 0 hours 0 minutes 0.12 seconds.
gaussian.py:170 INFO:
gaussian.py:171 INFO:Computing fingerprints...
gaussian.py:321 INFO:Fingerprinting finished in 0 hours 0 minutes 2.86 seconds.
potentials.py:277 INFO:Calculating energy
handler.py:34 WARNING:Data structure is not compatible with MLChem
handler.py:56 INFO:Preparing images...
handler.py:87 INFO:Images hashed and processed...
gaussian.py:108 INFO: 
gaussian.py:109 INFO:Fingerprinting
gaussian.py:110 INFO:==============
gaussian.py:117 INFO:Getting unique element symbols for inference
gaussian.py:125 INFO:Unique chemical elements: ['Cu']
gaussian.py:543 WARNING:Making default symmetry functions
gaussian.py:611 INFO:Number of features per chemical element:
gaussian.py:613 INFO:    - Cu: 8.
gaussian.py:615 INFO: 
gaussian.py:616 INFO:Symmetry function parameters:
gaussian.py:617 INFO:-----------------------------
gaussian.py:619 INFO:  #      Symbol    Type Parameters
gaussian.py:640 INFO:  0   Cu            G2  eta: 0.0500
gaussian.py:640 INFO:  1   Cu            G2  eta: 0.2321
gaussian.py:640 INFO:  2   Cu            G2  eta: 1.0772
gaussian.py:640 INFO:  3   Cu            G2  eta: 5.0000
gaussian.py:640 INFO:  4   Cu, Cu        G3  eta: 0.0050 gamma:  1.0000 zeta: 1.0000
gaussian.py:640 INFO:  5   Cu, Cu        G3  eta: 0.0050 gamma: -1.0000 zeta: 1.0000
gaussian.py:640 INFO:  6   Cu, Cu        G3  eta: 0.0050 gamma:  1.0000 zeta: 4.0000
gaussian.py:640 INFO:  7   Cu, Cu        G3  eta: 0.0050 gamma: -1.0000 zeta: 4.0000
preprocessing.py:47 INFO: 
gaussian.py:138 INFO:
gaussian.py:139 INFO:Adding atomic fingerprint calculations to scheduler...
gaussian.py:167 INFO:... finished in 0 hours 0 minutes 0.12 seconds.
gaussian.py:170 INFO:
gaussian.py:171 INFO:Computing fingerprints...
gaussian.py:321 INFO:Fingerprinting finished in 0 hours 0 minutes 2.65 seconds.
potentials.py:277 INFO:Calculating energy
handler.py:34 WARNING:Data structure is not compatible with MLChem
handler.py:56 INFO:Preparing images...
handler.py:87 INFO:Images hashed and processed...
gaussian.py:108 INFO: 
gaussian.py:109 INFO:Fingerprinting
gaussian.py:110 INFO:==============
gaussian.py:117 INFO:Getting unique element symbols for inference
gaussian.py:125 INFO:Unique chemical elements: ['Cu']
gaussian.py:543 WARNING:Making default symmetry functions
gaussian.py:611 INFO:Number of features per chemical element:
gaussian.py:613 INFO:    - Cu: 8.
gaussian.py:615 INFO: 
gaussian.py:616 INFO:Symmetry function parameters:
gaussian.py:617 INFO:-----------------------------
gaussian.py:619 INFO:  #      Symbol    Type Parameters
gaussian.py:640 INFO:  0   Cu            G2  eta: 0.0500
gaussian.py:640 INFO:  1   Cu            G2  eta: 0.2321
gaussian.py:640 INFO:  2   Cu            G2  eta: 1.0772
gaussian.py:640 INFO:  3   Cu            G2  eta: 5.0000
gaussian.py:640 INFO:  4   Cu, Cu        G3  eta: 0.0050 gamma:  1.0000 zeta: 1.0000
gaussian.py:640 INFO:  5   Cu, Cu        G3  eta: 0.0050 gamma: -1.0000 zeta: 1.0000
gaussian.py:640 INFO:  6   Cu, Cu        G3  eta: 0.0050 gamma:  1.0000 zeta: 4.0000
gaussian.py:640 INFO:  7   Cu, Cu        G3  eta: 0.0050 gamma: -1.0000 zeta: 4.0000
preprocessing.py:47 INFO: 
gaussian.py:138 INFO:
gaussian.py:139 INFO:Adding atomic fingerprint calculations to scheduler...
gaussian.py:167 INFO:... finished in 0 hours 0 minutes 0.24 seconds.
gaussian.py:170 INFO:
gaussian.py:171 INFO:Computing fingerprints...
gaussian.py:321 INFO:Fingerprinting finished in 0 hours 0 minutes 1.86 seconds.
potentials.py:277 INFO:Calculating energy
handler.py:34 WARNING:Data structure is not compatible with MLChem
handler.py:56 INFO:Preparing images...
handler.py:87 INFO:Images hashed and processed...
gaussian.py:108 INFO: 
gaussian.py:109 INFO:Fingerprinting
gaussian.py:110 INFO:==============
gaussian.py:117 INFO:Getting unique element symbols for inference
gaussian.py:125 INFO:Unique chemical elements: ['Cu']
gaussian.py:543 WARNING:Making default symmetry functions
gaussian.py:611 INFO:Number of features per chemical element:
gaussian.py:613 INFO:    - Cu: 8.
gaussian.py:615 INFO: 
gaussian.py:616 INFO:Symmetry function parameters:
gaussian.py:617 INFO:-----------------------------
gaussian.py:619 INFO:  #      Symbol    Type Parameters
gaussian.py:640 INFO:  0   Cu            G2  eta: 0.0500
gaussian.py:640 INFO:  1   Cu            G2  eta: 0.2321
gaussian.py:640 INFO:  2   Cu            G2  eta: 1.0772
gaussian.py:640 INFO:  3   Cu            G2  eta: 5.0000
gaussian.py:640 INFO:  4   Cu, Cu        G3  eta: 0.0050 gamma:  1.0000 zeta: 1.0000
gaussian.py:640 INFO:  5   Cu, Cu        G3  eta: 0.0050 gamma: -1.0000 zeta: 1.0000
gaussian.py:640 INFO:  6   Cu, Cu        G3  eta: 0.0050 gamma:  1.0000 zeta: 4.0000
gaussian.py:640 INFO:  7   Cu, Cu        G3  eta: 0.0050 gamma: -1.0000 zeta: 4.0000
preprocessing.py:47 INFO: 
gaussian.py:138 INFO:
gaussian.py:139 INFO:Adding atomic fingerprint calculations to scheduler...
gaussian.py:167 INFO:... finished in 0 hours 0 minutes 0.04 seconds.
gaussian.py:170 INFO:
gaussian.py:171 INFO:Computing fingerprints...
gaussian.py:321 INFO:Fingerprinting finished in 0 hours 0 minutes 1.63 seconds.
potentials.py:277 INFO:Calculating energy
handler.py:34 WARNING:Data structure is not compatible with MLChem
handler.py:56 INFO:Preparing images...
handler.py:87 INFO:Images hashed and processed...
gaussian.py:108 INFO: 
gaussian.py:109 INFO:Fingerprinting
gaussian.py:110 INFO:==============
gaussian.py:117 INFO:Getting unique element symbols for inference
gaussian.py:125 INFO:Unique chemical elements: ['Cu']
gaussian.py:543 WARNING:Making default symmetry functions
gaussian.py:611 INFO:Number of features per chemical element:
gaussian.py:613 INFO:    - Cu: 8.
gaussian.py:615 INFO: 
gaussian.py:616 INFO:Symmetry function parameters:
gaussian.py:617 INFO:-----------------------------
gaussian.py:619 INFO:  #      Symbol    Type Parameters
gaussian.py:640 INFO:  0   Cu            G2  eta: 0.0500
gaussian.py:640 INFO:  1   Cu            G2  eta: 0.2321
gaussian.py:640 INFO:  2   Cu            G2  eta: 1.0772
gaussian.py:640 INFO:  3   Cu            G2  eta: 5.0000
gaussian.py:640 INFO:  4   Cu, Cu        G3  eta: 0.0050 gamma:  1.0000 zeta: 1.0000
gaussian.py:640 INFO:  5   Cu, Cu        G3  eta: 0.0050 gamma: -1.0000 zeta: 1.0000
gaussian.py:640 INFO:  6   Cu, Cu        G3  eta: 0.0050 gamma:  1.0000 zeta: 4.0000
gaussian.py:640 INFO:  7   Cu, Cu        G3  eta: 0.0050 gamma: -1.0000 zeta: 4.0000
preprocessing.py:47 INFO: 
gaussian.py:138 INFO:
gaussian.py:139 INFO:Adding atomic fingerprint calculations to scheduler...
gaussian.py:167 INFO:... finished in 0 hours 0 minutes 0.24 seconds.
gaussian.py:170 INFO:
gaussian.py:171 INFO:Computing fingerprints...
gaussian.py:321 INFO:Fingerprinting finished in 0 hours 0 minutes 3.01 seconds.
potentials.py:277 INFO:Calculating energy
handler.py:34 WARNING:Data structure is not compatible with MLChem
handler.py:56 INFO:Preparing images...
handler.py:87 INFO:Images hashed and processed...
gaussian.py:108 INFO: 
gaussian.py:109 INFO:Fingerprinting
gaussian.py:110 INFO:==============
gaussian.py:117 INFO:Getting unique element symbols for inference
gaussian.py:125 INFO:Unique chemical elements: ['Cu']
gaussian.py:543 WARNING:Making default symmetry functions
gaussian.py:611 INFO:Number of features per chemical element:
gaussian.py:613 INFO:    - Cu: 8.
gaussian.py:615 INFO: 
gaussian.py:616 INFO:Symmetry function parameters:
gaussian.py:617 INFO:-----------------------------
gaussian.py:619 INFO:  #      Symbol    Type Parameters
gaussian.py:640 INFO:  0   Cu            G2  eta: 0.0500
gaussian.py:640 INFO:  1   Cu            G2  eta: 0.2321
gaussian.py:640 INFO:  2   Cu            G2  eta: 1.0772
gaussian.py:640 INFO:  3   Cu            G2  eta: 5.0000
gaussian.py:640 INFO:  4   Cu, Cu        G3  eta: 0.0050 gamma:  1.0000 zeta: 1.0000
gaussian.py:640 INFO:  5   Cu, Cu        G3  eta: 0.0050 gamma: -1.0000 zeta: 1.0000
gaussian.py:640 INFO:  6   Cu, Cu        G3  eta: 0.0050 gamma:  1.0000 zeta: 4.0000
gaussian.py:640 INFO:  7   Cu, Cu        G3  eta: 0.0050 gamma: -1.0000 zeta: 4.0000
preprocessing.py:47 INFO: 
gaussian.py:138 INFO:
gaussian.py:139 INFO:Adding atomic fingerprint calculations to scheduler...
gaussian.py:167 INFO:... finished in 0 hours 0 minutes 0.19 seconds.
gaussian.py:170 INFO:
gaussian.py:171 INFO:Computing fingerprints...
gaussian.py:321 INFO:Fingerprinting finished in 0 hours 0 minutes 2.70 seconds.
potentials.py:277 INFO:Calculating energy
